{"D:\\GitHub\\Universidad\\WithU-Project\\config.js": {"path":"D:\\GitHub\\Universidad\\WithU-Project\\config.js","statementMap":{"0":{"start":{"line":3,"column":21},"end":{"line":3,"column":50}},"1":{"start":{"line":5,"column":0},"end":{"line":10,"column":1}}},"fnMap":{},"branchMap":{},"s":{"0":9,"1":9},"f":{},"b":{},"_coverageSchema":"1a1c01bbd47fc00a2c39e90264f33305004495a9","hash":"9b582edb9f16f0be0189a7d5cbeee09b4632ca2e"}
,"D:\\GitHub\\Universidad\\WithU-Project\\public\\javascripts\\DAOEtiqueta.js": {"path":"D:\\GitHub\\Universidad\\WithU-Project\\public\\javascripts\\DAOEtiqueta.js","statementMap":{"0":{"start":{"line":5,"column":2},"end":{"line":5,"column":20}},"1":{"start":{"line":9,"column":2},"end":{"line":28,"column":5}},"2":{"start":{"line":10,"column":3},"end":{"line":27,"column":4}},"3":{"start":{"line":11,"column":4},"end":{"line":11,"column":25}},"4":{"start":{"line":12,"column":4},"end":{"line":12,"column":53}},"5":{"start":{"line":15,"column":4},"end":{"line":26,"column":6}},"6":{"start":{"line":17,"column":6},"end":{"line":17,"column":27}},"7":{"start":{"line":18,"column":6},"end":{"line":24,"column":7}},"8":{"start":{"line":19,"column":7},"end":{"line":19,"column":47}},"9":{"start":{"line":23,"column":7},"end":{"line":23,"column":39}},"10":{"start":{"line":32,"column":2},"end":{"line":51,"column":5}},"11":{"start":{"line":33,"column":3},"end":{"line":50,"column":4}},"12":{"start":{"line":34,"column":4},"end":{"line":34,"column":25}},"13":{"start":{"line":35,"column":4},"end":{"line":35,"column":53}},"14":{"start":{"line":38,"column":4},"end":{"line":49,"column":6}},"15":{"start":{"line":40,"column":6},"end":{"line":40,"column":27}},"16":{"start":{"line":41,"column":6},"end":{"line":47,"column":7}},"17":{"start":{"line":42,"column":7},"end":{"line":42,"column":47}},"18":{"start":{"line":45,"column":22},"end":{"line":45,"column":29}},"19":{"start":{"line":46,"column":7},"end":{"line":46,"column":32}},"20":{"start":{"line":55,"column":2},"end":{"line":74,"column":5}},"21":{"start":{"line":56,"column":3},"end":{"line":73,"column":4}},"22":{"start":{"line":57,"column":4},"end":{"line":57,"column":25}},"23":{"start":{"line":58,"column":4},"end":{"line":58,"column":53}},"24":{"start":{"line":61,"column":4},"end":{"line":72,"column":6}},"25":{"start":{"line":63,"column":6},"end":{"line":63,"column":27}},"26":{"start":{"line":64,"column":6},"end":{"line":70,"column":7}},"27":{"start":{"line":65,"column":7},"end":{"line":65,"column":47}},"28":{"start":{"line":68,"column":22},"end":{"line":68,"column":29}},"29":{"start":{"line":69,"column":7},"end":{"line":69,"column":32}},"30":{"start":{"line":77,"column":0},"end":{"line":77,"column":29}}},"fnMap":{"0":{"name":"(anonymous_0)","decl":{"start":{"line":4,"column":1},"end":{"line":4,"column":2}},"loc":{"start":{"line":4,"column":19},"end":{"line":6,"column":2}},"line":4},"1":{"name":"(anonymous_1)","decl":{"start":{"line":8,"column":1},"end":{"line":8,"column":2}},"loc":{"start":{"line":8,"column":35},"end":{"line":29,"column":2}},"line":8},"2":{"name":"(anonymous_2)","decl":{"start":{"line":9,"column":27},"end":{"line":9,"column":28}},"loc":{"start":{"line":9,"column":53},"end":{"line":28,"column":3}},"line":9},"3":{"name":"(anonymous_3)","decl":{"start":{"line":16,"column":5},"end":{"line":16,"column":6}},"loc":{"start":{"line":16,"column":27},"end":{"line":25,"column":6}},"line":16},"4":{"name":"(anonymous_4)","decl":{"start":{"line":31,"column":1},"end":{"line":31,"column":2}},"loc":{"start":{"line":31,"column":27},"end":{"line":52,"column":2}},"line":31},"5":{"name":"(anonymous_5)","decl":{"start":{"line":32,"column":27},"end":{"line":32,"column":28}},"loc":{"start":{"line":32,"column":53},"end":{"line":51,"column":3}},"line":32},"6":{"name":"(anonymous_6)","decl":{"start":{"line":39,"column":5},"end":{"line":39,"column":6}},"loc":{"start":{"line":39,"column":25},"end":{"line":48,"column":6}},"line":39},"7":{"name":"(anonymous_7)","decl":{"start":{"line":54,"column":1},"end":{"line":54,"column":2}},"loc":{"start":{"line":54,"column":40},"end":{"line":75,"column":2}},"line":54},"8":{"name":"(anonymous_8)","decl":{"start":{"line":55,"column":27},"end":{"line":55,"column":28}},"loc":{"start":{"line":55,"column":53},"end":{"line":74,"column":3}},"line":55},"9":{"name":"(anonymous_9)","decl":{"start":{"line":62,"column":5},"end":{"line":62,"column":6}},"loc":{"start":{"line":62,"column":25},"end":{"line":71,"column":6}},"line":62}},"branchMap":{"0":{"loc":{"start":{"line":10,"column":3},"end":{"line":27,"column":4}},"type":"if","locations":[{"start":{"line":10,"column":3},"end":{"line":27,"column":4}},{"start":{"line":14,"column":8},"end":{"line":27,"column":4}}],"line":10},"1":{"loc":{"start":{"line":18,"column":6},"end":{"line":24,"column":7}},"type":"if","locations":[{"start":{"line":18,"column":6},"end":{"line":24,"column":7}},{"start":{"line":21,"column":11},"end":{"line":24,"column":7}}],"line":18},"2":{"loc":{"start":{"line":33,"column":3},"end":{"line":50,"column":4}},"type":"if","locations":[{"start":{"line":33,"column":3},"end":{"line":50,"column":4}},{"start":{"line":37,"column":8},"end":{"line":50,"column":4}}],"line":33},"3":{"loc":{"start":{"line":41,"column":6},"end":{"line":47,"column":7}},"type":"if","locations":[{"start":{"line":41,"column":6},"end":{"line":47,"column":7}},{"start":{"line":44,"column":11},"end":{"line":47,"column":7}}],"line":41},"4":{"loc":{"start":{"line":56,"column":3},"end":{"line":73,"column":4}},"type":"if","locations":[{"start":{"line":56,"column":3},"end":{"line":73,"column":4}},{"start":{"line":60,"column":8},"end":{"line":73,"column":4}}],"line":56},"5":{"loc":{"start":{"line":64,"column":6},"end":{"line":70,"column":7}},"type":"if","locations":[{"start":{"line":64,"column":6},"end":{"line":70,"column":7}},{"start":{"line":67,"column":11},"end":{"line":70,"column":7}}],"line":64}},"s":{"0":3,"1":3,"2":2,"3":0,"4":0,"5":2,"6":2,"7":2,"8":1,"9":1,"10":0,"11":0,"12":0,"13":0,"14":0,"15":0,"16":0,"17":0,"18":0,"19":0,"20":0,"21":0,"22":0,"23":0,"24":0,"25":0,"26":0,"27":0,"28":0,"29":0,"30":5},"f":{"0":3,"1":3,"2":2,"3":2,"4":0,"5":0,"6":0,"7":0,"8":0,"9":0},"b":{"0":[0,2],"1":[1,1],"2":[0,0],"3":[0,0],"4":[0,0],"5":[0,0]},"_coverageSchema":"1a1c01bbd47fc00a2c39e90264f33305004495a9","hash":"8e420517f34eb81047a6dba228290da79e413264"}
,"D:\\GitHub\\Universidad\\WithU-Project\\public\\javascripts\\DAOPublicacion.js": {"path":"D:\\GitHub\\Universidad\\WithU-Project\\public\\javascripts\\DAOPublicacion.js","statementMap":{"0":{"start":{"line":2,"column":20},"end":{"line":2,"column":44}},"1":{"start":{"line":3,"column":31},"end":{"line":3,"column":66}},"2":{"start":{"line":6,"column":2},"end":{"line":6,"column":20}},"3":{"start":{"line":10,"column":2},"end":{"line":26,"column":5}},"4":{"start":{"line":11,"column":3},"end":{"line":25,"column":4}},"5":{"start":{"line":12,"column":4},"end":{"line":12,"column":53}},"6":{"start":{"line":15,"column":4},"end":{"line":24,"column":7}},"7":{"start":{"line":17,"column":5},"end":{"line":17,"column":26}},"8":{"start":{"line":18,"column":5},"end":{"line":23,"column":6}},"9":{"start":{"line":19,"column":6},"end":{"line":19,"column":99}},"10":{"start":{"line":22,"column":6},"end":{"line":22,"column":37}},"11":{"start":{"line":31,"column":2},"end":{"line":56,"column":5}},"12":{"start":{"line":32,"column":3},"end":{"line":55,"column":4}},"13":{"start":{"line":33,"column":4},"end":{"line":33,"column":64}},"14":{"start":{"line":36,"column":4},"end":{"line":54,"column":6}},"15":{"start":{"line":38,"column":6},"end":{"line":38,"column":27}},"16":{"start":{"line":39,"column":6},"end":{"line":52,"column":7}},"17":{"start":{"line":40,"column":7},"end":{"line":40,"column":67}},"18":{"start":{"line":45,"column":7},"end":{"line":51,"column":8}},"19":{"start":{"line":46,"column":8},"end":{"line":46,"column":102}},"20":{"start":{"line":47,"column":8},"end":{"line":47,"column":35}},"21":{"start":{"line":50,"column":8},"end":{"line":50,"column":45}},"22":{"start":{"line":60,"column":2},"end":{"line":93,"column":4}},"23":{"start":{"line":61,"column":3},"end":{"line":92,"column":4}},"24":{"start":{"line":62,"column":4},"end":{"line":62,"column":25}},"25":{"start":{"line":63,"column":4},"end":{"line":63,"column":64}},"26":{"start":{"line":66,"column":4},"end":{"line":91,"column":7}},"27":{"start":{"line":71,"column":6},"end":{"line":71,"column":27}},"28":{"start":{"line":72,"column":6},"end":{"line":90,"column":6}},"29":{"start":{"line":73,"column":7},"end":{"line":73,"column":21}},"30":{"start":{"line":76,"column":36},"end":{"line":88,"column":8}},"31":{"start":{"line":77,"column":21},"end":{"line":77,"column":25}},"32":{"start":{"line":78,"column":8},"end":{"line":87,"column":9}},"33":{"start":{"line":80,"column":32},"end":{"line":80,"column":43}},"34":{"start":{"line":81,"column":32},"end":{"line":81,"column":43}},"35":{"start":{"line":82,"column":31},"end":{"line":82,"column":42}},"36":{"start":{"line":84,"column":12},"end":{"line":85,"column":29}},"37":{"start":{"line":85,"column":13},"end":{"line":85,"column":29}},"38":{"start":{"line":86,"column":27},"end":{"line":86,"column":40}},"39":{"start":{"line":89,"column":6},"end":{"line":89,"column":45}},"40":{"start":{"line":130,"column":0},"end":{"line":130,"column":32}}},"fnMap":{"0":{"name":"(anonymous_0)","decl":{"start":{"line":5,"column":1},"end":{"line":5,"column":2}},"loc":{"start":{"line":5,"column":19},"end":{"line":7,"column":2}},"line":5},"1":{"name":"(anonymous_1)","decl":{"start":{"line":9,"column":1},"end":{"line":9,"column":2}},"loc":{"start":{"line":9,"column":43},"end":{"line":27,"column":2}},"line":9},"2":{"name":"(anonymous_2)","decl":{"start":{"line":10,"column":27},"end":{"line":10,"column":28}},"loc":{"start":{"line":10,"column":53},"end":{"line":26,"column":3}},"line":10},"3":{"name":"(anonymous_3)","decl":{"start":{"line":16,"column":4},"end":{"line":16,"column":5}},"loc":{"start":{"line":16,"column":24},"end":{"line":24,"column":5}},"line":16},"4":{"name":"(anonymous_4)","decl":{"start":{"line":30,"column":1},"end":{"line":30,"column":2}},"loc":{"start":{"line":30,"column":30},"end":{"line":57,"column":2}},"line":30},"5":{"name":"(anonymous_5)","decl":{"start":{"line":31,"column":27},"end":{"line":31,"column":28}},"loc":{"start":{"line":31,"column":53},"end":{"line":56,"column":3}},"line":31},"6":{"name":"(anonymous_6)","decl":{"start":{"line":37,"column":5},"end":{"line":37,"column":6}},"loc":{"start":{"line":37,"column":25},"end":{"line":53,"column":6}},"line":37},"7":{"name":"(anonymous_7)","decl":{"start":{"line":59,"column":1},"end":{"line":59,"column":2}},"loc":{"start":{"line":59,"column":46},"end":{"line":94,"column":2}},"line":59},"8":{"name":"(anonymous_8)","decl":{"start":{"line":60,"column":27},"end":{"line":60,"column":28}},"loc":{"start":{"line":60,"column":53},"end":{"line":93,"column":3}},"line":60},"9":{"name":"(anonymous_9)","decl":{"start":{"line":70,"column":5},"end":{"line":70,"column":6}},"loc":{"start":{"line":70,"column":25},"end":{"line":91,"column":5}},"line":70},"10":{"name":"(anonymous_10)","decl":{"start":{"line":77,"column":16},"end":{"line":77,"column":17}},"loc":{"start":{"line":77,"column":21},"end":{"line":77,"column":25}},"line":77},"11":{"name":"(anonymous_11)","decl":{"start":{"line":77,"column":33},"end":{"line":77,"column":34}},"loc":{"start":{"line":77,"column":39},"end":{"line":88,"column":7}},"line":77},"12":{"name":"(anonymous_12)","decl":{"start":{"line":80,"column":27},"end":{"line":80,"column":28}},"loc":{"start":{"line":80,"column":32},"end":{"line":80,"column":43}},"line":80},"13":{"name":"(anonymous_13)","decl":{"start":{"line":81,"column":27},"end":{"line":81,"column":28}},"loc":{"start":{"line":81,"column":32},"end":{"line":81,"column":43}},"line":81},"14":{"name":"(anonymous_14)","decl":{"start":{"line":82,"column":26},"end":{"line":82,"column":27}},"loc":{"start":{"line":82,"column":31},"end":{"line":82,"column":42}},"line":82},"15":{"name":"(anonymous_15)","decl":{"start":{"line":83,"column":40},"end":{"line":83,"column":41}},"loc":{"start":{"line":83,"column":51},"end":{"line":86,"column":12}},"line":83},"16":{"name":"(anonymous_16)","decl":{"start":{"line":86,"column":22},"end":{"line":86,"column":23}},"loc":{"start":{"line":86,"column":27},"end":{"line":86,"column":40}},"line":86}},"branchMap":{"0":{"loc":{"start":{"line":11,"column":3},"end":{"line":25,"column":4}},"type":"if","locations":[{"start":{"line":11,"column":3},"end":{"line":25,"column":4}},{"start":{"line":14,"column":8},"end":{"line":25,"column":4}}],"line":11},"1":{"loc":{"start":{"line":18,"column":5},"end":{"line":23,"column":6}},"type":"if","locations":[{"start":{"line":18,"column":5},"end":{"line":23,"column":6}},{"start":{"line":21,"column":10},"end":{"line":23,"column":6}}],"line":18},"2":{"loc":{"start":{"line":32,"column":3},"end":{"line":55,"column":4}},"type":"if","locations":[{"start":{"line":32,"column":3},"end":{"line":55,"column":4}},{"start":{"line":35,"column":8},"end":{"line":55,"column":4}}],"line":32},"3":{"loc":{"start":{"line":39,"column":6},"end":{"line":52,"column":7}},"type":"if","locations":[{"start":{"line":39,"column":6},"end":{"line":52,"column":7}},{"start":{"line":42,"column":11},"end":{"line":52,"column":7}}],"line":39},"4":{"loc":{"start":{"line":45,"column":7},"end":{"line":51,"column":8}},"type":"if","locations":[{"start":{"line":45,"column":7},"end":{"line":51,"column":8}},{"start":{"line":49,"column":12},"end":{"line":51,"column":8}}],"line":45},"5":{"loc":{"start":{"line":61,"column":3},"end":{"line":92,"column":4}},"type":"if","locations":[{"start":{"line":61,"column":3},"end":{"line":92,"column":4}},{"start":{"line":65,"column":8},"end":{"line":92,"column":4}}],"line":61},"6":{"loc":{"start":{"line":72,"column":6},"end":{"line":90,"column":6}},"type":"if","locations":[{"start":{"line":72,"column":6},"end":{"line":90,"column":6}},{"start":{"line":75,"column":11},"end":{"line":90,"column":6}}],"line":72},"7":{"loc":{"start":{"line":84,"column":12},"end":{"line":85,"column":29}},"type":"if","locations":[{"start":{"line":84,"column":12},"end":{"line":85,"column":29}},{"start":{},"end":{}}],"line":84}},"s":{"0":3,"1":3,"2":4,"3":4,"4":3,"5":0,"6":3,"7":3,"8":3,"9":3,"10":0,"11":1,"12":1,"13":0,"14":1,"15":1,"16":1,"17":0,"18":1,"19":1,"20":1,"21":0,"22":0,"23":0,"24":0,"25":0,"26":0,"27":0,"28":0,"29":0,"30":0,"31":0,"32":0,"33":0,"34":0,"35":0,"36":0,"37":0,"38":0,"39":0,"40":3},"f":{"0":4,"1":4,"2":3,"3":3,"4":1,"5":1,"6":1,"7":0,"8":0,"9":0,"10":0,"11":0,"12":0,"13":0,"14":0,"15":0,"16":0},"b":{"0":[0,3],"1":[3,0],"2":[0,1],"3":[0,1],"4":[1,0],"5":[0,0],"6":[0,0],"7":[0,0]},"_coverageSchema":"1a1c01bbd47fc00a2c39e90264f33305004495a9","hash":"992360a71a384525b553a3c8a8793715a269505b"}
,"D:\\GitHub\\Universidad\\WithU-Project\\public\\javascripts\\DAOPublicacionEtiqueta.js": {"path":"D:\\GitHub\\Universidad\\WithU-Project\\public\\javascripts\\DAOPublicacionEtiqueta.js","statementMap":{"0":{"start":{"line":6,"column":2},"end":{"line":6,"column":20}},"1":{"start":{"line":10,"column":2},"end":{"line":28,"column":5}},"2":{"start":{"line":11,"column":3},"end":{"line":27,"column":4}},"3":{"start":{"line":12,"column":4},"end":{"line":12,"column":53}},"4":{"start":{"line":15,"column":4},"end":{"line":26,"column":6}},"5":{"start":{"line":17,"column":6},"end":{"line":17,"column":27}},"6":{"start":{"line":18,"column":6},"end":{"line":24,"column":7}},"7":{"start":{"line":19,"column":7},"end":{"line":19,"column":47}},"8":{"start":{"line":23,"column":7},"end":{"line":23,"column":22}},"9":{"start":{"line":32,"column":2},"end":{"line":54,"column":5}},"10":{"start":{"line":33,"column":3},"end":{"line":53,"column":4}},"11":{"start":{"line":34,"column":4},"end":{"line":34,"column":25}},"12":{"start":{"line":35,"column":4},"end":{"line":35,"column":53}},"13":{"start":{"line":38,"column":4},"end":{"line":52,"column":6}},"14":{"start":{"line":40,"column":6},"end":{"line":40,"column":27}},"15":{"start":{"line":41,"column":6},"end":{"line":50,"column":7}},"16":{"start":{"line":42,"column":7},"end":{"line":42,"column":47}},"17":{"start":{"line":45,"column":23},"end":{"line":48,"column":12}},"18":{"start":{"line":47,"column":9},"end":{"line":47,"column":25}},"19":{"start":{"line":49,"column":7},"end":{"line":49,"column":33}},"20":{"start":{"line":57,"column":0},"end":{"line":57,"column":40}}},"fnMap":{"0":{"name":"(anonymous_0)","decl":{"start":{"line":5,"column":1},"end":{"line":5,"column":2}},"loc":{"start":{"line":5,"column":19},"end":{"line":7,"column":2}},"line":5},"1":{"name":"(anonymous_1)","decl":{"start":{"line":9,"column":1},"end":{"line":9,"column":2}},"loc":{"start":{"line":9,"column":48},"end":{"line":29,"column":2}},"line":9},"2":{"name":"(anonymous_2)","decl":{"start":{"line":10,"column":27},"end":{"line":10,"column":28}},"loc":{"start":{"line":10,"column":53},"end":{"line":28,"column":3}},"line":10},"3":{"name":"(anonymous_3)","decl":{"start":{"line":16,"column":5},"end":{"line":16,"column":6}},"loc":{"start":{"line":16,"column":27},"end":{"line":25,"column":6}},"line":16},"4":{"name":"(anonymous_4)","decl":{"start":{"line":31,"column":1},"end":{"line":31,"column":2}},"loc":{"start":{"line":31,"column":42},"end":{"line":55,"column":2}},"line":31},"5":{"name":"(anonymous_5)","decl":{"start":{"line":32,"column":27},"end":{"line":32,"column":28}},"loc":{"start":{"line":32,"column":53},"end":{"line":54,"column":3}},"line":32},"6":{"name":"(anonymous_6)","decl":{"start":{"line":39,"column":5},"end":{"line":39,"column":6}},"loc":{"start":{"line":39,"column":25},"end":{"line":51,"column":6}},"line":39},"7":{"name":"(anonymous_7)","decl":{"start":{"line":46,"column":18},"end":{"line":46,"column":19}},"loc":{"start":{"line":46,"column":23},"end":{"line":48,"column":9}},"line":46}},"branchMap":{"0":{"loc":{"start":{"line":11,"column":3},"end":{"line":27,"column":4}},"type":"if","locations":[{"start":{"line":11,"column":3},"end":{"line":27,"column":4}},{"start":{"line":14,"column":8},"end":{"line":27,"column":4}}],"line":11},"1":{"loc":{"start":{"line":18,"column":6},"end":{"line":24,"column":7}},"type":"if","locations":[{"start":{"line":18,"column":6},"end":{"line":24,"column":7}},{"start":{"line":21,"column":11},"end":{"line":24,"column":7}}],"line":18},"2":{"loc":{"start":{"line":33,"column":3},"end":{"line":53,"column":4}},"type":"if","locations":[{"start":{"line":33,"column":3},"end":{"line":53,"column":4}},{"start":{"line":37,"column":8},"end":{"line":53,"column":4}}],"line":33},"3":{"loc":{"start":{"line":41,"column":6},"end":{"line":50,"column":7}},"type":"if","locations":[{"start":{"line":41,"column":6},"end":{"line":50,"column":7}},{"start":{"line":44,"column":11},"end":{"line":50,"column":7}}],"line":41}},"s":{"0":2,"1":2,"2":2,"3":0,"4":2,"5":2,"6":2,"7":1,"8":1,"9":1,"10":1,"11":0,"12":0,"13":1,"14":1,"15":1,"16":0,"17":1,"18":2,"19":1,"20":4},"f":{"0":2,"1":2,"2":2,"3":2,"4":1,"5":1,"6":1,"7":2},"b":{"0":[0,2],"1":[1,1],"2":[0,1],"3":[0,1]},"_coverageSchema":"1a1c01bbd47fc00a2c39e90264f33305004495a9","hash":"87556f701e92e0c9f0ccaf5ba57cf92c55582ce8"}
,"D:\\GitHub\\Universidad\\WithU-Project\\public\\javascripts\\DAORespuesta.js": {"path":"D:\\GitHub\\Universidad\\WithU-Project\\public\\javascripts\\DAORespuesta.js","statementMap":{"0":{"start":{"line":6,"column":2},"end":{"line":6,"column":20}},"1":{"start":{"line":10,"column":2},"end":{"line":28,"column":5}},"2":{"start":{"line":11,"column":3},"end":{"line":27,"column":4}},"3":{"start":{"line":12,"column":4},"end":{"line":12,"column":53}},"4":{"start":{"line":15,"column":4},"end":{"line":26,"column":6}},"5":{"start":{"line":17,"column":6},"end":{"line":17,"column":27}},"6":{"start":{"line":18,"column":6},"end":{"line":24,"column":7}},"7":{"start":{"line":19,"column":7},"end":{"line":19,"column":47}},"8":{"start":{"line":23,"column":7},"end":{"line":23,"column":39}},"9":{"start":{"line":31,"column":3},"end":{"line":57,"column":6}},"10":{"start":{"line":32,"column":4},"end":{"line":56,"column":5}},"11":{"start":{"line":33,"column":5},"end":{"line":33,"column":26}},"12":{"start":{"line":34,"column":5},"end":{"line":34,"column":65}},"13":{"start":{"line":37,"column":5},"end":{"line":55,"column":7}},"14":{"start":{"line":39,"column":7},"end":{"line":39,"column":28}},"15":{"start":{"line":40,"column":7},"end":{"line":53,"column":8}},"16":{"start":{"line":41,"column":8},"end":{"line":41,"column":68}},"17":{"start":{"line":44,"column":29},"end":{"line":51,"column":11}},"18":{"start":{"line":45,"column":23},"end":{"line":45,"column":30}},"19":{"start":{"line":46,"column":10},"end":{"line":50,"column":11}},"20":{"start":{"line":48,"column":34},"end":{"line":48,"column":45}},"21":{"start":{"line":49,"column":31},"end":{"line":49,"column":42}},"22":{"start":{"line":52,"column":8},"end":{"line":52,"column":38}},"23":{"start":{"line":60,"column":0},"end":{"line":60,"column":30}}},"fnMap":{"0":{"name":"(anonymous_0)","decl":{"start":{"line":5,"column":1},"end":{"line":5,"column":2}},"loc":{"start":{"line":5,"column":19},"end":{"line":7,"column":2}},"line":5},"1":{"name":"(anonymous_1)","decl":{"start":{"line":9,"column":1},"end":{"line":9,"column":2}},"loc":{"start":{"line":9,"column":34},"end":{"line":29,"column":2}},"line":9},"2":{"name":"(anonymous_2)","decl":{"start":{"line":10,"column":27},"end":{"line":10,"column":28}},"loc":{"start":{"line":10,"column":53},"end":{"line":28,"column":3}},"line":10},"3":{"name":"(anonymous_3)","decl":{"start":{"line":16,"column":5},"end":{"line":16,"column":6}},"loc":{"start":{"line":16,"column":27},"end":{"line":25,"column":6}},"line":16},"4":{"name":"(anonymous_4)","decl":{"start":{"line":30,"column":2},"end":{"line":30,"column":3}},"loc":{"start":{"line":30,"column":46},"end":{"line":58,"column":3}},"line":30},"5":{"name":"(anonymous_5)","decl":{"start":{"line":31,"column":28},"end":{"line":31,"column":29}},"loc":{"start":{"line":31,"column":54},"end":{"line":57,"column":4}},"line":31},"6":{"name":"(anonymous_6)","decl":{"start":{"line":38,"column":6},"end":{"line":38,"column":7}},"loc":{"start":{"line":38,"column":26},"end":{"line":54,"column":7}},"line":38},"7":{"name":"(anonymous_7)","decl":{"start":{"line":45,"column":18},"end":{"line":45,"column":19}},"loc":{"start":{"line":45,"column":23},"end":{"line":45,"column":30}},"line":45},"8":{"name":"(anonymous_8)","decl":{"start":{"line":45,"column":38},"end":{"line":45,"column":39}},"loc":{"start":{"line":45,"column":44},"end":{"line":51,"column":10}},"line":45},"9":{"name":"(anonymous_9)","decl":{"start":{"line":48,"column":29},"end":{"line":48,"column":30}},"loc":{"start":{"line":48,"column":34},"end":{"line":48,"column":45}},"line":48},"10":{"name":"(anonymous_10)","decl":{"start":{"line":49,"column":26},"end":{"line":49,"column":27}},"loc":{"start":{"line":49,"column":31},"end":{"line":49,"column":42}},"line":49}},"branchMap":{"0":{"loc":{"start":{"line":11,"column":3},"end":{"line":27,"column":4}},"type":"if","locations":[{"start":{"line":11,"column":3},"end":{"line":27,"column":4}},{"start":{"line":14,"column":8},"end":{"line":27,"column":4}}],"line":11},"1":{"loc":{"start":{"line":18,"column":6},"end":{"line":24,"column":7}},"type":"if","locations":[{"start":{"line":18,"column":6},"end":{"line":24,"column":7}},{"start":{"line":21,"column":11},"end":{"line":24,"column":7}}],"line":18},"2":{"loc":{"start":{"line":32,"column":4},"end":{"line":56,"column":5}},"type":"if","locations":[{"start":{"line":32,"column":4},"end":{"line":56,"column":5}},{"start":{"line":36,"column":9},"end":{"line":56,"column":5}}],"line":32},"3":{"loc":{"start":{"line":40,"column":7},"end":{"line":53,"column":8}},"type":"if","locations":[{"start":{"line":40,"column":7},"end":{"line":53,"column":8}},{"start":{"line":43,"column":12},"end":{"line":53,"column":8}}],"line":40}},"s":{"0":2,"1":3,"2":2,"3":0,"4":2,"5":2,"6":2,"7":2,"8":0,"9":0,"10":0,"11":0,"12":0,"13":0,"14":0,"15":0,"16":0,"17":0,"18":0,"19":0,"20":0,"21":0,"22":0,"23":2},"f":{"0":2,"1":3,"2":2,"3":2,"4":0,"5":0,"6":0,"7":0,"8":0,"9":0,"10":0},"b":{"0":[0,2],"1":[2,0],"2":[0,0],"3":[0,0]},"_coverageSchema":"1a1c01bbd47fc00a2c39e90264f33305004495a9","hash":"f3fe22702015828d238a27e83c9811892957792e"}
,"D:\\GitHub\\Universidad\\WithU-Project\\public\\javascripts\\DAOSeccion.js": {"path":"D:\\GitHub\\Universidad\\WithU-Project\\public\\javascripts\\DAOSeccion.js","statementMap":{"0":{"start":{"line":4,"column":2},"end":{"line":4,"column":20}},"1":{"start":{"line":9,"column":2},"end":{"line":35,"column":5}},"2":{"start":{"line":10,"column":3},"end":{"line":34,"column":4}},"3":{"start":{"line":11,"column":4},"end":{"line":11,"column":25}},"4":{"start":{"line":12,"column":4},"end":{"line":12,"column":64}},"5":{"start":{"line":15,"column":4},"end":{"line":33,"column":6}},"6":{"start":{"line":17,"column":6},"end":{"line":17,"column":27}},"7":{"start":{"line":18,"column":6},"end":{"line":31,"column":7}},"8":{"start":{"line":19,"column":7},"end":{"line":19,"column":67}},"9":{"start":{"line":24,"column":7},"end":{"line":29,"column":8}},"10":{"start":{"line":25,"column":8},"end":{"line":28,"column":10}},"11":{"start":{"line":30,"column":7},"end":{"line":30,"column":30}},"12":{"start":{"line":39,"column":2},"end":{"line":63,"column":5}},"13":{"start":{"line":40,"column":3},"end":{"line":62,"column":4}},"14":{"start":{"line":41,"column":4},"end":{"line":41,"column":64}},"15":{"start":{"line":44,"column":4},"end":{"line":61,"column":6}},"16":{"start":{"line":46,"column":6},"end":{"line":46,"column":27}},"17":{"start":{"line":47,"column":6},"end":{"line":59,"column":7}},"18":{"start":{"line":48,"column":7},"end":{"line":48,"column":67}},"19":{"start":{"line":51,"column":23},"end":{"line":57,"column":12}},"20":{"start":{"line":53,"column":9},"end":{"line":56,"column":10}},"21":{"start":{"line":58,"column":7},"end":{"line":58,"column":32}},"22":{"start":{"line":67,"column":0},"end":{"line":67,"column":28}}},"fnMap":{"0":{"name":"(anonymous_0)","decl":{"start":{"line":3,"column":1},"end":{"line":3,"column":2}},"loc":{"start":{"line":3,"column":19},"end":{"line":5,"column":2}},"line":3},"1":{"name":"(anonymous_1)","decl":{"start":{"line":8,"column":1},"end":{"line":8,"column":2}},"loc":{"start":{"line":8,"column":26},"end":{"line":36,"column":2}},"line":8},"2":{"name":"(anonymous_2)","decl":{"start":{"line":9,"column":27},"end":{"line":9,"column":28}},"loc":{"start":{"line":9,"column":53},"end":{"line":35,"column":3}},"line":9},"3":{"name":"(anonymous_3)","decl":{"start":{"line":16,"column":5},"end":{"line":16,"column":6}},"loc":{"start":{"line":16,"column":25},"end":{"line":32,"column":6}},"line":16},"4":{"name":"(anonymous_4)","decl":{"start":{"line":38,"column":1},"end":{"line":38,"column":2}},"loc":{"start":{"line":38,"column":20},"end":{"line":64,"column":2}},"line":38},"5":{"name":"(anonymous_5)","decl":{"start":{"line":39,"column":27},"end":{"line":39,"column":28}},"loc":{"start":{"line":39,"column":53},"end":{"line":63,"column":3}},"line":39},"6":{"name":"(anonymous_6)","decl":{"start":{"line":45,"column":5},"end":{"line":45,"column":6}},"loc":{"start":{"line":45,"column":25},"end":{"line":60,"column":6}},"line":45},"7":{"name":"(anonymous_7)","decl":{"start":{"line":52,"column":18},"end":{"line":52,"column":19}},"loc":{"start":{"line":52,"column":23},"end":{"line":57,"column":9}},"line":52}},"branchMap":{"0":{"loc":{"start":{"line":10,"column":3},"end":{"line":34,"column":4}},"type":"if","locations":[{"start":{"line":10,"column":3},"end":{"line":34,"column":4}},{"start":{"line":14,"column":8},"end":{"line":34,"column":4}}],"line":10},"1":{"loc":{"start":{"line":18,"column":6},"end":{"line":31,"column":7}},"type":"if","locations":[{"start":{"line":18,"column":6},"end":{"line":31,"column":7}},{"start":{"line":21,"column":11},"end":{"line":31,"column":7}}],"line":18},"2":{"loc":{"start":{"line":24,"column":7},"end":{"line":29,"column":8}},"type":"if","locations":[{"start":{"line":24,"column":7},"end":{"line":29,"column":8}},{"start":{},"end":{}}],"line":24},"3":{"loc":{"start":{"line":40,"column":3},"end":{"line":62,"column":4}},"type":"if","locations":[{"start":{"line":40,"column":3},"end":{"line":62,"column":4}},{"start":{"line":43,"column":8},"end":{"line":62,"column":4}}],"line":40},"4":{"loc":{"start":{"line":47,"column":6},"end":{"line":59,"column":7}},"type":"if","locations":[{"start":{"line":47,"column":6},"end":{"line":59,"column":7}},{"start":{"line":50,"column":11},"end":{"line":59,"column":7}}],"line":47}},"s":{"0":6,"1":7,"2":5,"3":0,"4":0,"5":5,"6":5,"7":5,"8":0,"9":5,"10":2,"11":5,"12":1,"13":1,"14":0,"15":1,"16":1,"17":1,"18":0,"19":1,"20":6,"21":1,"22":2},"f":{"0":6,"1":7,"2":5,"3":5,"4":1,"5":1,"6":1,"7":6},"b":{"0":[0,5],"1":[0,5],"2":[2,3],"3":[0,1],"4":[0,1]},"_coverageSchema":"1a1c01bbd47fc00a2c39e90264f33305004495a9","hash":"8f1390a8df5ef96a232cf8107f338328646d0b29"}
,"D:\\GitHub\\Universidad\\WithU-Project\\public\\javascripts\\DAOUsuario.js": {"path":"D:\\GitHub\\Universidad\\WithU-Project\\public\\javascripts\\DAOUsuario.js","statementMap":{"0":{"start":{"line":5,"column":2},"end":{"line":5,"column":20}},"1":{"start":{"line":9,"column":8},"end":{"line":25,"column":5}},"2":{"start":{"line":10,"column":3},"end":{"line":24,"column":4}},"3":{"start":{"line":11,"column":4},"end":{"line":11,"column":53}},"4":{"start":{"line":14,"column":4},"end":{"line":23,"column":7}},"5":{"start":{"line":16,"column":5},"end":{"line":16,"column":26}},"6":{"start":{"line":17,"column":5},"end":{"line":22,"column":6}},"7":{"start":{"line":18,"column":6},"end":{"line":18,"column":99}},"8":{"start":{"line":21,"column":6},"end":{"line":21,"column":38}},"9":{"start":{"line":33,"column":8},"end":{"line":61,"column":11}},"10":{"start":{"line":34,"column":12},"end":{"line":60,"column":13}},"11":{"start":{"line":35,"column":16},"end":{"line":35,"column":37}},"12":{"start":{"line":36,"column":16},"end":{"line":36,"column":76}},"13":{"start":{"line":39,"column":16},"end":{"line":59,"column":18}},"14":{"start":{"line":41,"column":24},"end":{"line":41,"column":45}},"15":{"start":{"line":42,"column":24},"end":{"line":57,"column":25}},"16":{"start":{"line":43,"column":28},"end":{"line":43,"column":88}},"17":{"start":{"line":48,"column":28},"end":{"line":55,"column":29}},"18":{"start":{"line":49,"column":32},"end":{"line":54,"column":34}},"19":{"start":{"line":56,"column":28},"end":{"line":56,"column":51}},"20":{"start":{"line":65,"column":8},"end":{"line":92,"column":11}},"21":{"start":{"line":66,"column":12},"end":{"line":91,"column":13}},"22":{"start":{"line":67,"column":16},"end":{"line":67,"column":76}},"23":{"start":{"line":70,"column":16},"end":{"line":90,"column":18}},"24":{"start":{"line":72,"column":24},"end":{"line":72,"column":45}},"25":{"start":{"line":73,"column":24},"end":{"line":88,"column":25}},"26":{"start":{"line":74,"column":28},"end":{"line":74,"column":88}},"27":{"start":{"line":79,"column":28},"end":{"line":86,"column":29}},"28":{"start":{"line":80,"column":32},"end":{"line":85,"column":34}},"29":{"start":{"line":87,"column":28},"end":{"line":87,"column":51}},"30":{"start":{"line":95,"column":0},"end":{"line":95,"column":28}}},"fnMap":{"0":{"name":"(anonymous_0)","decl":{"start":{"line":4,"column":1},"end":{"line":4,"column":2}},"loc":{"start":{"line":4,"column":18},"end":{"line":6,"column":2}},"line":4},"1":{"name":"(anonymous_1)","decl":{"start":{"line":8,"column":4},"end":{"line":8,"column":5}},"loc":{"start":{"line":8,"column":43},"end":{"line":30,"column":5}},"line":8},"2":{"name":"(anonymous_2)","decl":{"start":{"line":9,"column":33},"end":{"line":9,"column":34}},"loc":{"start":{"line":9,"column":59},"end":{"line":25,"column":3}},"line":9},"3":{"name":"(anonymous_3)","decl":{"start":{"line":15,"column":4},"end":{"line":15,"column":5}},"loc":{"start":{"line":15,"column":26},"end":{"line":23,"column":5}},"line":15},"4":{"name":"(anonymous_4)","decl":{"start":{"line":32,"column":4},"end":{"line":32,"column":5}},"loc":{"start":{"line":32,"column":46},"end":{"line":62,"column":5}},"line":32},"5":{"name":"(anonymous_5)","decl":{"start":{"line":33,"column":33},"end":{"line":33,"column":34}},"loc":{"start":{"line":33,"column":59},"end":{"line":61,"column":9}},"line":33},"6":{"name":"(anonymous_6)","decl":{"start":{"line":40,"column":20},"end":{"line":40,"column":21}},"loc":{"start":{"line":40,"column":40},"end":{"line":58,"column":21}},"line":40},"7":{"name":"(anonymous_7)","decl":{"start":{"line":64,"column":4},"end":{"line":64,"column":5}},"loc":{"start":{"line":64,"column":42},"end":{"line":93,"column":5}},"line":64},"8":{"name":"(anonymous_8)","decl":{"start":{"line":65,"column":33},"end":{"line":65,"column":34}},"loc":{"start":{"line":65,"column":59},"end":{"line":92,"column":9}},"line":65},"9":{"name":"(anonymous_9)","decl":{"start":{"line":71,"column":20},"end":{"line":71,"column":21}},"loc":{"start":{"line":71,"column":40},"end":{"line":89,"column":21}},"line":71}},"branchMap":{"0":{"loc":{"start":{"line":10,"column":3},"end":{"line":24,"column":4}},"type":"if","locations":[{"start":{"line":10,"column":3},"end":{"line":24,"column":4}},{"start":{"line":13,"column":8},"end":{"line":24,"column":4}}],"line":10},"1":{"loc":{"start":{"line":17,"column":5},"end":{"line":22,"column":6}},"type":"if","locations":[{"start":{"line":17,"column":5},"end":{"line":22,"column":6}},{"start":{"line":20,"column":10},"end":{"line":22,"column":6}}],"line":17},"2":{"loc":{"start":{"line":34,"column":12},"end":{"line":60,"column":13}},"type":"if","locations":[{"start":{"line":34,"column":12},"end":{"line":60,"column":13}},{"start":{"line":38,"column":17},"end":{"line":60,"column":13}}],"line":34},"3":{"loc":{"start":{"line":42,"column":24},"end":{"line":57,"column":25}},"type":"if","locations":[{"start":{"line":42,"column":24},"end":{"line":57,"column":25}},{"start":{"line":45,"column":29},"end":{"line":57,"column":25}}],"line":42},"4":{"loc":{"start":{"line":48,"column":28},"end":{"line":55,"column":29}},"type":"if","locations":[{"start":{"line":48,"column":28},"end":{"line":55,"column":29}},{"start":{},"end":{}}],"line":48},"5":{"loc":{"start":{"line":66,"column":12},"end":{"line":91,"column":13}},"type":"if","locations":[{"start":{"line":66,"column":12},"end":{"line":91,"column":13}},{"start":{"line":69,"column":17},"end":{"line":91,"column":13}}],"line":66},"6":{"loc":{"start":{"line":73,"column":24},"end":{"line":88,"column":25}},"type":"if","locations":[{"start":{"line":73,"column":24},"end":{"line":88,"column":25}},{"start":{"line":76,"column":29},"end":{"line":88,"column":25}}],"line":73},"7":{"loc":{"start":{"line":79,"column":28},"end":{"line":86,"column":29}},"type":"if","locations":[{"start":{"line":79,"column":28},"end":{"line":86,"column":29}},{"start":{},"end":{}}],"line":79}},"s":{"0":5,"1":3,"2":3,"3":0,"4":3,"5":3,"6":3,"7":1,"8":2,"9":3,"10":3,"11":0,"12":0,"13":3,"14":3,"15":3,"16":0,"17":3,"18":1,"19":3,"20":5,"21":3,"22":0,"23":3,"24":3,"25":3,"26":0,"27":3,"28":1,"29":3,"30":2},"f":{"0":5,"1":3,"2":3,"3":3,"4":3,"5":3,"6":3,"7":5,"8":3,"9":3},"b":{"0":[0,3],"1":[1,2],"2":[0,3],"3":[0,3],"4":[1,2],"5":[0,3],"6":[0,3],"7":[1,2]},"_coverageSchema":"1a1c01bbd47fc00a2c39e90264f33305004495a9","hash":"bee24950f7539e46655122f4d24ea1771d69d522"}
,"D:\\GitHub\\Universidad\\WithU-Project\\public\\javascripts\\SAPublicacion.js": {"path":"D:\\GitHub\\Universidad\\WithU-Project\\public\\javascripts\\SAPublicacion.js","statementMap":{"0":{"start":{"line":2,"column":20},"end":{"line":2,"column":44}},"1":{"start":{"line":3,"column":23},"end":{"line":3,"column":50}},"2":{"start":{"line":4,"column":31},"end":{"line":4,"column":66}},"3":{"start":{"line":5,"column":19},"end":{"line":5,"column":42}},"4":{"start":{"line":10,"column":2},"end":{"line":10,"column":20}},"5":{"start":{"line":15,"column":2},"end":{"line":63,"column":3}},"6":{"start":{"line":17,"column":3},"end":{"line":17,"column":44}},"7":{"start":{"line":19,"column":7},"end":{"line":63,"column":3}},"8":{"start":{"line":20,"column":3},"end":{"line":20,"column":52}},"9":{"start":{"line":22,"column":7},"end":{"line":63,"column":3}},"10":{"start":{"line":23,"column":3},"end":{"line":23,"column":57}},"11":{"start":{"line":25,"column":7},"end":{"line":63,"column":3}},"12":{"start":{"line":26,"column":3},"end":{"line":26,"column":41}},"13":{"start":{"line":28,"column":7},"end":{"line":63,"column":3}},"14":{"start":{"line":29,"column":3},"end":{"line":29,"column":53}},"15":{"start":{"line":32,"column":14},"end":{"line":32,"column":24}},"16":{"start":{"line":33,"column":14},"end":{"line":33,"column":34}},"17":{"start":{"line":34,"column":3},"end":{"line":62,"column":6}},"18":{"start":{"line":35,"column":4},"end":{"line":61,"column":5}},"19":{"start":{"line":36,"column":5},"end":{"line":36,"column":19}},"20":{"start":{"line":39,"column":5},"end":{"line":60,"column":6}},"21":{"start":{"line":40,"column":6},"end":{"line":40,"column":44}},"22":{"start":{"line":43,"column":17},"end":{"line":43,"column":19}},"23":{"start":{"line":44,"column":6},"end":{"line":47,"column":9}},"24":{"start":{"line":45,"column":7},"end":{"line":46,"column":23}},"25":{"start":{"line":46,"column":8},"end":{"line":46,"column":23}},"26":{"start":{"line":48,"column":6},"end":{"line":48,"column":46}},"27":{"start":{"line":49,"column":6},"end":{"line":49,"column":35}},"28":{"start":{"line":50,"column":16},"end":{"line":50,"column":40}},"29":{"start":{"line":51,"column":6},"end":{"line":59,"column":9}},"30":{"start":{"line":52,"column":7},"end":{"line":58,"column":8}},"31":{"start":{"line":53,"column":8},"end":{"line":53,"column":25}},"32":{"start":{"line":54,"column":8},"end":{"line":54,"column":22}},"33":{"start":{"line":57,"column":8},"end":{"line":57,"column":28}},"34":{"start":{"line":68,"column":2},"end":{"line":93,"column":3}},"35":{"start":{"line":69,"column":3},"end":{"line":69,"column":37}},"36":{"start":{"line":71,"column":7},"end":{"line":93,"column":3}},"37":{"start":{"line":72,"column":3},"end":{"line":72,"column":39}},"38":{"start":{"line":75,"column":14},"end":{"line":75,"column":44}},"39":{"start":{"line":76,"column":15},"end":{"line":76,"column":53}},"40":{"start":{"line":77,"column":3},"end":{"line":92,"column":6}},"41":{"start":{"line":78,"column":4},"end":{"line":91,"column":5}},"42":{"start":{"line":79,"column":5},"end":{"line":79,"column":19}},"43":{"start":{"line":82,"column":5},"end":{"line":90,"column":7}},"44":{"start":{"line":83,"column":6},"end":{"line":89,"column":7}},"45":{"start":{"line":84,"column":7},"end":{"line":84,"column":21}},"46":{"start":{"line":87,"column":7},"end":{"line":87,"column":33}},"47":{"start":{"line":88,"column":7},"end":{"line":88,"column":27}},"48":{"start":{"line":97,"column":2},"end":{"line":112,"column":3}},"49":{"start":{"line":98,"column":3},"end":{"line":98,"column":51}},"50":{"start":{"line":101,"column":14},"end":{"line":101,"column":24}},"51":{"start":{"line":102,"column":16},"end":{"line":102,"column":42}},"52":{"start":{"line":103,"column":3},"end":{"line":111,"column":6}},"53":{"start":{"line":104,"column":4},"end":{"line":110,"column":5}},"54":{"start":{"line":105,"column":5},"end":{"line":105,"column":38}},"55":{"start":{"line":108,"column":18},"end":{"line":108,"column":42}},"56":{"start":{"line":109,"column":5},"end":{"line":109,"column":56}},"57":{"start":{"line":117,"column":0},"end":{"line":117,"column":31}},"58":{"start":{"line":120,"column":16},"end":{"line":158,"column":3}},"59":{"start":{"line":121,"column":2},"end":{"line":157,"column":5}},"60":{"start":{"line":122,"column":3},"end":{"line":156,"column":4}},"61":{"start":{"line":123,"column":4},"end":{"line":123,"column":21}},"62":{"start":{"line":124,"column":4},"end":{"line":124,"column":17}},"63":{"start":{"line":126,"column":4},"end":{"line":155,"column":5}},"64":{"start":{"line":127,"column":5},"end":{"line":136,"column":8}},"65":{"start":{"line":128,"column":6},"end":{"line":128,"column":17}},"66":{"start":{"line":129,"column":6},"end":{"line":135,"column":7}},"67":{"start":{"line":130,"column":7},"end":{"line":130,"column":24}},"68":{"start":{"line":131,"column":7},"end":{"line":131,"column":20}},"69":{"start":{"line":134,"column":7},"end":{"line":134,"column":17}},"70":{"start":{"line":139,"column":5},"end":{"line":154,"column":8}},"71":{"start":{"line":140,"column":6},"end":{"line":153,"column":7}},"72":{"start":{"line":141,"column":7},"end":{"line":141,"column":24}},"73":{"start":{"line":142,"column":7},"end":{"line":142,"column":20}},"74":{"start":{"line":144,"column":7},"end":{"line":152,"column":10}},"75":{"start":{"line":145,"column":8},"end":{"line":151,"column":9}},"76":{"start":{"line":146,"column":9},"end":{"line":146,"column":26}},"77":{"start":{"line":147,"column":9},"end":{"line":147,"column":22}},"78":{"start":{"line":150,"column":9},"end":{"line":150,"column":19}},"79":{"start":{"line":159,"column":1},"end":{"line":166,"column":4}},"80":{"start":{"line":160,"column":2},"end":{"line":165,"column":3}},"81":{"start":{"line":161,"column":3},"end":{"line":161,"column":15}},"82":{"start":{"line":164,"column":3},"end":{"line":164,"column":16}}},"fnMap":{"0":{"name":"(anonymous_0)","decl":{"start":{"line":9,"column":1},"end":{"line":9,"column":2}},"loc":{"start":{"line":9,"column":18},"end":{"line":11,"column":2}},"line":9},"1":{"name":"(anonymous_1)","decl":{"start":{"line":13,"column":1},"end":{"line":13,"column":2}},"loc":{"start":{"line":13,"column":43},"end":{"line":64,"column":2}},"line":13},"2":{"name":"(anonymous_2)","decl":{"start":{"line":34,"column":41},"end":{"line":34,"column":42}},"loc":{"start":{"line":34,"column":62},"end":{"line":62,"column":4}},"line":34},"3":{"name":"(anonymous_3)","decl":{"start":{"line":44,"column":36},"end":{"line":44,"column":37}},"loc":{"start":{"line":44,"column":41},"end":{"line":47,"column":7}},"line":44},"4":{"name":"(anonymous_4)","decl":{"start":{"line":51,"column":42},"end":{"line":51,"column":43}},"loc":{"start":{"line":51,"column":59},"end":{"line":59,"column":7}},"line":51},"5":{"name":"(anonymous_5)","decl":{"start":{"line":66,"column":1},"end":{"line":66,"column":2}},"loc":{"start":{"line":66,"column":31},"end":{"line":94,"column":2}},"line":66},"6":{"name":"(anonymous_6)","decl":{"start":{"line":77,"column":28},"end":{"line":77,"column":29}},"loc":{"start":{"line":77,"column":46},"end":{"line":92,"column":4}},"line":77},"7":{"name":"(anonymous_7)","decl":{"start":{"line":82,"column":46},"end":{"line":82,"column":47}},"loc":{"start":{"line":82,"column":70},"end":{"line":90,"column":6}},"line":82},"8":{"name":"(anonymous_8)","decl":{"start":{"line":96,"column":1},"end":{"line":96,"column":2}},"loc":{"start":{"line":96,"column":46},"end":{"line":113,"column":2}},"line":96},"9":{"name":"(anonymous_9)","decl":{"start":{"line":103,"column":29},"end":{"line":103,"column":30}},"loc":{"start":{"line":103,"column":47},"end":{"line":111,"column":4}},"line":103},"10":{"name":"insertar","decl":{"start":{"line":119,"column":15},"end":{"line":119,"column":23}},"loc":{"start":{"line":119,"column":46},"end":{"line":167,"column":1}},"line":119},"11":{"name":"(anonymous_11)","decl":{"start":{"line":120,"column":28},"end":{"line":120,"column":29}},"loc":{"start":{"line":120,"column":49},"end":{"line":158,"column":2}},"line":120},"12":{"name":"(anonymous_12)","decl":{"start":{"line":121,"column":33},"end":{"line":121,"column":34}},"loc":{"start":{"line":121,"column":51},"end":{"line":157,"column":3}},"line":121},"13":{"name":"(anonymous_13)","decl":{"start":{"line":127,"column":51},"end":{"line":127,"column":52}},"loc":{"start":{"line":127,"column":64},"end":{"line":136,"column":6}},"line":127},"14":{"name":"(anonymous_14)","decl":{"start":{"line":139,"column":30},"end":{"line":139,"column":31}},"loc":{"start":{"line":139,"column":50},"end":{"line":154,"column":6}},"line":139},"15":{"name":"(anonymous_15)","decl":{"start":{"line":144,"column":52},"end":{"line":144,"column":53}},"loc":{"start":{"line":144,"column":65},"end":{"line":152,"column":8}},"line":144},"16":{"name":"(anonymous_16)","decl":{"start":{"line":159,"column":15},"end":{"line":159,"column":16}},"loc":{"start":{"line":159,"column":28},"end":{"line":166,"column":2}},"line":159}},"branchMap":{"0":{"loc":{"start":{"line":15,"column":2},"end":{"line":63,"column":3}},"type":"if","locations":[{"start":{"line":15,"column":2},"end":{"line":63,"column":3}},{"start":{"line":19,"column":7},"end":{"line":63,"column":3}}],"line":15},"1":{"loc":{"start":{"line":15,"column":5},"end":{"line":16,"column":162}},"type":"binary-expr","locations":[{"start":{"line":15,"column":5},"end":{"line":15,"column":30}},{"start":{"line":15,"column":34},"end":{"line":15,"column":54}},{"start":{"line":15,"column":58},"end":{"line":15,"column":90}},{"start":{"line":15,"column":94},"end":{"line":15,"column":126}},{"start":{"line":15,"column":130},"end":{"line":15,"column":163}},{"start":{"line":16,"column":6},"end":{"line":16,"column":41}},{"start":{"line":16,"column":45},"end":{"line":16,"column":75}},{"start":{"line":16,"column":78},"end":{"line":16,"column":103}},{"start":{"line":16,"column":107},"end":{"line":16,"column":132}},{"start":{"line":16,"column":136},"end":{"line":16,"column":162}}],"line":15},"2":{"loc":{"start":{"line":19,"column":7},"end":{"line":63,"column":3}},"type":"if","locations":[{"start":{"line":19,"column":7},"end":{"line":63,"column":3}},{"start":{"line":22,"column":7},"end":{"line":63,"column":3}}],"line":19},"3":{"loc":{"start":{"line":22,"column":7},"end":{"line":63,"column":3}},"type":"if","locations":[{"start":{"line":22,"column":7},"end":{"line":63,"column":3}},{"start":{"line":25,"column":7},"end":{"line":63,"column":3}}],"line":22},"4":{"loc":{"start":{"line":25,"column":7},"end":{"line":63,"column":3}},"type":"if","locations":[{"start":{"line":25,"column":7},"end":{"line":63,"column":3}},{"start":{"line":28,"column":7},"end":{"line":63,"column":3}}],"line":25},"5":{"loc":{"start":{"line":25,"column":10},"end":{"line":25,"column":64}},"type":"binary-expr","locations":[{"start":{"line":25,"column":10},"end":{"line":25,"column":36}},{"start":{"line":25,"column":40},"end":{"line":25,"column":64}}],"line":25},"6":{"loc":{"start":{"line":28,"column":7},"end":{"line":63,"column":3}},"type":"if","locations":[{"start":{"line":28,"column":7},"end":{"line":63,"column":3}},{"start":{"line":31,"column":6},"end":{"line":63,"column":3}}],"line":28},"7":{"loc":{"start":{"line":28,"column":10},"end":{"line":28,"column":78}},"type":"binary-expr","locations":[{"start":{"line":28,"column":10},"end":{"line":28,"column":42}},{"start":{"line":28,"column":46},"end":{"line":28,"column":78}}],"line":28},"8":{"loc":{"start":{"line":35,"column":4},"end":{"line":61,"column":5}},"type":"if","locations":[{"start":{"line":35,"column":4},"end":{"line":61,"column":5}},{"start":{"line":38,"column":8},"end":{"line":61,"column":5}}],"line":35},"9":{"loc":{"start":{"line":39,"column":5},"end":{"line":60,"column":6}},"type":"if","locations":[{"start":{"line":39,"column":5},"end":{"line":60,"column":6}},{"start":{"line":42,"column":9},"end":{"line":60,"column":6}}],"line":39},"10":{"loc":{"start":{"line":45,"column":7},"end":{"line":46,"column":23}},"type":"if","locations":[{"start":{"line":45,"column":7},"end":{"line":46,"column":23}},{"start":{},"end":{}}],"line":45},"11":{"loc":{"start":{"line":52,"column":7},"end":{"line":58,"column":8}},"type":"if","locations":[{"start":{"line":52,"column":7},"end":{"line":58,"column":8}},{"start":{"line":56,"column":11},"end":{"line":58,"column":8}}],"line":52},"12":{"loc":{"start":{"line":68,"column":2},"end":{"line":93,"column":3}},"type":"if","locations":[{"start":{"line":68,"column":2},"end":{"line":93,"column":3}},{"start":{"line":71,"column":7},"end":{"line":93,"column":3}}],"line":68},"13":{"loc":{"start":{"line":71,"column":7},"end":{"line":93,"column":3}},"type":"if","locations":[{"start":{"line":71,"column":7},"end":{"line":93,"column":3}},{"start":{"line":74,"column":7},"end":{"line":93,"column":3}}],"line":71},"14":{"loc":{"start":{"line":78,"column":4},"end":{"line":91,"column":5}},"type":"if","locations":[{"start":{"line":78,"column":4},"end":{"line":91,"column":5}},{"start":{"line":81,"column":8},"end":{"line":91,"column":5}}],"line":78},"15":{"loc":{"start":{"line":83,"column":6},"end":{"line":89,"column":7}},"type":"if","locations":[{"start":{"line":83,"column":6},"end":{"line":89,"column":7}},{"start":{"line":86,"column":10},"end":{"line":89,"column":7}}],"line":83},"16":{"loc":{"start":{"line":97,"column":2},"end":{"line":112,"column":3}},"type":"if","locations":[{"start":{"line":97,"column":2},"end":{"line":112,"column":3}},{"start":{"line":100,"column":7},"end":{"line":112,"column":3}}],"line":97},"17":{"loc":{"start":{"line":97,"column":6},"end":{"line":97,"column":55}},"type":"binary-expr","locations":[{"start":{"line":97,"column":6},"end":{"line":97,"column":25}},{"start":{"line":97,"column":29},"end":{"line":97,"column":41}},{"start":{"line":97,"column":45},"end":{"line":97,"column":55}}],"line":97},"18":{"loc":{"start":{"line":104,"column":4},"end":{"line":110,"column":5}},"type":"if","locations":[{"start":{"line":104,"column":4},"end":{"line":110,"column":5}},{"start":{"line":107,"column":8},"end":{"line":110,"column":5}}],"line":104},"19":{"loc":{"start":{"line":122,"column":3},"end":{"line":156,"column":4}},"type":"if","locations":[{"start":{"line":122,"column":3},"end":{"line":156,"column":4}},{"start":{"line":125,"column":8},"end":{"line":156,"column":4}}],"line":122},"20":{"loc":{"start":{"line":126,"column":4},"end":{"line":155,"column":5}},"type":"if","locations":[{"start":{"line":126,"column":4},"end":{"line":155,"column":5}},{"start":{"line":138,"column":8},"end":{"line":155,"column":5}}],"line":126},"21":{"loc":{"start":{"line":129,"column":6},"end":{"line":135,"column":7}},"type":"if","locations":[{"start":{"line":129,"column":6},"end":{"line":135,"column":7}},{"start":{"line":133,"column":10},"end":{"line":135,"column":7}}],"line":129},"22":{"loc":{"start":{"line":140,"column":6},"end":{"line":153,"column":7}},"type":"if","locations":[{"start":{"line":140,"column":6},"end":{"line":153,"column":7}},{"start":{"line":143,"column":11},"end":{"line":153,"column":7}}],"line":140},"23":{"loc":{"start":{"line":145,"column":8},"end":{"line":151,"column":9}},"type":"if","locations":[{"start":{"line":145,"column":8},"end":{"line":151,"column":9}},{"start":{"line":149,"column":12},"end":{"line":151,"column":9}}],"line":145},"24":{"loc":{"start":{"line":160,"column":2},"end":{"line":165,"column":3}},"type":"if","locations":[{"start":{"line":160,"column":2},"end":{"line":165,"column":3}},{"start":{"line":163,"column":6},"end":{"line":165,"column":3}}],"line":160}},"s":{"0":1,"1":1,"2":1,"3":1,"4":1,"5":14,"6":8,"7":6,"8":1,"9":5,"10":0,"11":5,"12":0,"13":5,"14":1,"15":4,"16":4,"17":4,"18":3,"19":0,"20":3,"21":2,"22":1,"23":1,"24":1,"25":1,"26":1,"27":1,"28":1,"29":1,"30":1,"31":1,"32":1,"33":0,"34":1,"35":0,"36":1,"37":0,"38":1,"39":1,"40":1,"41":1,"42":0,"43":1,"44":1,"45":0,"46":1,"47":1,"48":0,"49":0,"50":0,"51":0,"52":0,"53":0,"54":0,"55":0,"56":0,"57":1,"58":0,"59":0,"60":0,"61":0,"62":0,"63":0,"64":0,"65":0,"66":0,"67":0,"68":0,"69":0,"70":0,"71":0,"72":0,"73":0,"74":0,"75":0,"76":0,"77":0,"78":0,"79":0,"80":0,"81":0,"82":0},"f":{"0":1,"1":14,"2":3,"3":1,"4":1,"5":1,"6":1,"7":1,"8":0,"9":0,"10":0,"11":0,"12":0,"13":0,"14":0,"15":0,"16":0},"b":{"0":[8,6],"1":[14,12,11,11,11,10,9,8,7,6],"2":[1,5],"3":[0,5],"4":[0,5],"5":[5,0],"6":[1,4],"7":[5,4],"8":[0,3],"9":[2,1],"10":[1,0],"11":[1,0],"12":[0,1],"13":[0,1],"14":[0,1],"15":[0,1],"16":[0,0],"17":[0,0,0],"18":[0,0],"19":[0,0],"20":[0,0],"21":[0,0],"22":[0,0],"23":[0,0],"24":[0,0]},"_coverageSchema":"1a1c01bbd47fc00a2c39e90264f33305004495a9","hash":"808c29dfde33139d9e218179f37ba28d1ecdd996"}
,"D:\\GitHub\\Universidad\\WithU-Project\\public\\javascripts\\SARespuesta.js": {"path":"D:\\GitHub\\Universidad\\WithU-Project\\public\\javascripts\\SARespuesta.js","statementMap":{"0":{"start":{"line":2,"column":20},"end":{"line":2,"column":44}},"1":{"start":{"line":3,"column":21},"end":{"line":3,"column":46}},"2":{"start":{"line":4,"column":23},"end":{"line":4,"column":50}},"3":{"start":{"line":5,"column":31},"end":{"line":5,"column":66}},"4":{"start":{"line":10,"column":2},"end":{"line":10,"column":20}},"5":{"start":{"line":15,"column":2},"end":{"line":42,"column":3}},"6":{"start":{"line":16,"column":3},"end":{"line":16,"column":44}},"7":{"start":{"line":18,"column":7},"end":{"line":42,"column":3}},"8":{"start":{"line":19,"column":3},"end":{"line":19,"column":65}},"9":{"start":{"line":22,"column":15},"end":{"line":22,"column":45}},"10":{"start":{"line":23,"column":14},"end":{"line":23,"column":24}},"11":{"start":{"line":24,"column":3},"end":{"line":41,"column":6}},"12":{"start":{"line":25,"column":4},"end":{"line":40,"column":5}},"13":{"start":{"line":26,"column":5},"end":{"line":26,"column":19}},"14":{"start":{"line":29,"column":17},"end":{"line":29,"column":39}},"15":{"start":{"line":30,"column":5},"end":{"line":38,"column":8}},"16":{"start":{"line":31,"column":6},"end":{"line":37,"column":7}},"17":{"start":{"line":32,"column":7},"end":{"line":32,"column":24}},"18":{"start":{"line":33,"column":7},"end":{"line":33,"column":21}},"19":{"start":{"line":36,"column":7},"end":{"line":36,"column":26}},"20":{"start":{"line":47,"column":2},"end":{"line":73,"column":3}},"21":{"start":{"line":48,"column":3},"end":{"line":48,"column":37}},"22":{"start":{"line":50,"column":7},"end":{"line":73,"column":3}},"23":{"start":{"line":51,"column":3},"end":{"line":51,"column":39}},"24":{"start":{"line":54,"column":14},"end":{"line":54,"column":44}},"25":{"start":{"line":55,"column":15},"end":{"line":55,"column":53}},"26":{"start":{"line":56,"column":3},"end":{"line":72,"column":6}},"27":{"start":{"line":57,"column":4},"end":{"line":71,"column":5}},"28":{"start":{"line":58,"column":5},"end":{"line":58,"column":22}},"29":{"start":{"line":59,"column":5},"end":{"line":59,"column":19}},"30":{"start":{"line":62,"column":5},"end":{"line":70,"column":7}},"31":{"start":{"line":63,"column":6},"end":{"line":69,"column":7}},"32":{"start":{"line":64,"column":7},"end":{"line":64,"column":21}},"33":{"start":{"line":67,"column":7},"end":{"line":67,"column":33}},"34":{"start":{"line":68,"column":7},"end":{"line":68,"column":27}},"35":{"start":{"line":77,"column":2},"end":{"line":92,"column":3}},"36":{"start":{"line":78,"column":3},"end":{"line":78,"column":56}},"37":{"start":{"line":81,"column":14},"end":{"line":81,"column":24}},"38":{"start":{"line":82,"column":16},"end":{"line":82,"column":46}},"39":{"start":{"line":83,"column":3},"end":{"line":91,"column":6}},"40":{"start":{"line":84,"column":4},"end":{"line":90,"column":5}},"41":{"start":{"line":85,"column":5},"end":{"line":85,"column":38}},"42":{"start":{"line":88,"column":18},"end":{"line":88,"column":40}},"43":{"start":{"line":89,"column":5},"end":{"line":89,"column":59}},"44":{"start":{"line":95,"column":0},"end":{"line":95,"column":29}},"45":{"start":{"line":98,"column":16},"end":{"line":136,"column":3}},"46":{"start":{"line":99,"column":2},"end":{"line":135,"column":5}},"47":{"start":{"line":100,"column":3},"end":{"line":134,"column":4}},"48":{"start":{"line":101,"column":4},"end":{"line":101,"column":21}},"49":{"start":{"line":102,"column":4},"end":{"line":102,"column":17}},"50":{"start":{"line":104,"column":4},"end":{"line":133,"column":5}},"51":{"start":{"line":105,"column":5},"end":{"line":114,"column":8}},"52":{"start":{"line":106,"column":6},"end":{"line":106,"column":17}},"53":{"start":{"line":107,"column":6},"end":{"line":113,"column":7}},"54":{"start":{"line":108,"column":7},"end":{"line":108,"column":24}},"55":{"start":{"line":109,"column":7},"end":{"line":109,"column":20}},"56":{"start":{"line":112,"column":7},"end":{"line":112,"column":17}},"57":{"start":{"line":117,"column":5},"end":{"line":132,"column":8}},"58":{"start":{"line":118,"column":6},"end":{"line":131,"column":7}},"59":{"start":{"line":119,"column":7},"end":{"line":119,"column":24}},"60":{"start":{"line":120,"column":7},"end":{"line":120,"column":20}},"61":{"start":{"line":122,"column":7},"end":{"line":130,"column":10}},"62":{"start":{"line":123,"column":8},"end":{"line":129,"column":9}},"63":{"start":{"line":124,"column":9},"end":{"line":124,"column":26}},"64":{"start":{"line":125,"column":9},"end":{"line":125,"column":22}},"65":{"start":{"line":128,"column":9},"end":{"line":128,"column":19}},"66":{"start":{"line":137,"column":1},"end":{"line":144,"column":4}},"67":{"start":{"line":138,"column":2},"end":{"line":143,"column":3}},"68":{"start":{"line":139,"column":3},"end":{"line":139,"column":15}},"69":{"start":{"line":142,"column":3},"end":{"line":142,"column":16}}},"fnMap":{"0":{"name":"(anonymous_0)","decl":{"start":{"line":9,"column":1},"end":{"line":9,"column":2}},"loc":{"start":{"line":9,"column":18},"end":{"line":11,"column":2}},"line":9},"1":{"name":"(anonymous_1)","decl":{"start":{"line":13,"column":1},"end":{"line":13,"column":2}},"loc":{"start":{"line":13,"column":39},"end":{"line":43,"column":2}},"line":13},"2":{"name":"(anonymous_2)","decl":{"start":{"line":24,"column":40},"end":{"line":24,"column":41}},"loc":{"start":{"line":24,"column":57},"end":{"line":41,"column":4}},"line":24},"3":{"name":"(anonymous_3)","decl":{"start":{"line":30,"column":40},"end":{"line":30,"column":41}},"loc":{"start":{"line":30,"column":57},"end":{"line":38,"column":6}},"line":30},"4":{"name":"(anonymous_4)","decl":{"start":{"line":45,"column":1},"end":{"line":45,"column":2}},"loc":{"start":{"line":45,"column":29},"end":{"line":74,"column":2}},"line":45},"5":{"name":"(anonymous_5)","decl":{"start":{"line":56,"column":26},"end":{"line":56,"column":27}},"loc":{"start":{"line":56,"column":44},"end":{"line":72,"column":4}},"line":56},"6":{"name":"(anonymous_6)","decl":{"start":{"line":62,"column":46},"end":{"line":62,"column":47}},"loc":{"start":{"line":62,"column":70},"end":{"line":70,"column":6}},"line":62},"7":{"name":"(anonymous_7)","decl":{"start":{"line":76,"column":1},"end":{"line":76,"column":2}},"loc":{"start":{"line":76,"column":47},"end":{"line":93,"column":2}},"line":76},"8":{"name":"(anonymous_8)","decl":{"start":{"line":83,"column":33},"end":{"line":83,"column":34}},"loc":{"start":{"line":83,"column":51},"end":{"line":91,"column":4}},"line":83},"9":{"name":"insertar","decl":{"start":{"line":97,"column":15},"end":{"line":97,"column":23}},"loc":{"start":{"line":97,"column":46},"end":{"line":145,"column":1}},"line":97},"10":{"name":"(anonymous_10)","decl":{"start":{"line":98,"column":28},"end":{"line":98,"column":29}},"loc":{"start":{"line":98,"column":49},"end":{"line":136,"column":2}},"line":98},"11":{"name":"(anonymous_11)","decl":{"start":{"line":99,"column":33},"end":{"line":99,"column":34}},"loc":{"start":{"line":99,"column":51},"end":{"line":135,"column":3}},"line":99},"12":{"name":"(anonymous_12)","decl":{"start":{"line":105,"column":51},"end":{"line":105,"column":52}},"loc":{"start":{"line":105,"column":64},"end":{"line":114,"column":6}},"line":105},"13":{"name":"(anonymous_13)","decl":{"start":{"line":117,"column":30},"end":{"line":117,"column":31}},"loc":{"start":{"line":117,"column":50},"end":{"line":132,"column":6}},"line":117},"14":{"name":"(anonymous_14)","decl":{"start":{"line":122,"column":52},"end":{"line":122,"column":53}},"loc":{"start":{"line":122,"column":65},"end":{"line":130,"column":8}},"line":122},"15":{"name":"(anonymous_15)","decl":{"start":{"line":137,"column":15},"end":{"line":137,"column":16}},"loc":{"start":{"line":137,"column":28},"end":{"line":144,"column":2}},"line":137}},"branchMap":{"0":{"loc":{"start":{"line":15,"column":2},"end":{"line":42,"column":3}},"type":"if","locations":[{"start":{"line":15,"column":2},"end":{"line":42,"column":3}},{"start":{"line":18,"column":7},"end":{"line":42,"column":3}}],"line":15},"1":{"loc":{"start":{"line":15,"column":5},"end":{"line":15,"column":143}},"type":"binary-expr","locations":[{"start":{"line":15,"column":5},"end":{"line":15,"column":28}},{"start":{"line":15,"column":32},"end":{"line":15,"column":50}},{"start":{"line":15,"column":54},"end":{"line":15,"column":77}},{"start":{"line":15,"column":82},"end":{"line":15,"column":112}},{"start":{"line":15,"column":116},"end":{"line":15,"column":143}}],"line":15},"2":{"loc":{"start":{"line":18,"column":7},"end":{"line":42,"column":3}},"type":"if","locations":[{"start":{"line":18,"column":7},"end":{"line":42,"column":3}},{"start":{"line":21,"column":6},"end":{"line":42,"column":3}}],"line":18},"3":{"loc":{"start":{"line":25,"column":4},"end":{"line":40,"column":5}},"type":"if","locations":[{"start":{"line":25,"column":4},"end":{"line":40,"column":5}},{"start":{"line":28,"column":8},"end":{"line":40,"column":5}}],"line":25},"4":{"loc":{"start":{"line":31,"column":6},"end":{"line":37,"column":7}},"type":"if","locations":[{"start":{"line":31,"column":6},"end":{"line":37,"column":7}},{"start":{"line":35,"column":10},"end":{"line":37,"column":7}}],"line":31},"5":{"loc":{"start":{"line":47,"column":2},"end":{"line":73,"column":3}},"type":"if","locations":[{"start":{"line":47,"column":2},"end":{"line":73,"column":3}},{"start":{"line":50,"column":7},"end":{"line":73,"column":3}}],"line":47},"6":{"loc":{"start":{"line":50,"column":7},"end":{"line":73,"column":3}},"type":"if","locations":[{"start":{"line":50,"column":7},"end":{"line":73,"column":3}},{"start":{"line":53,"column":7},"end":{"line":73,"column":3}}],"line":50},"7":{"loc":{"start":{"line":57,"column":4},"end":{"line":71,"column":5}},"type":"if","locations":[{"start":{"line":57,"column":4},"end":{"line":71,"column":5}},{"start":{"line":61,"column":8},"end":{"line":71,"column":5}}],"line":57},"8":{"loc":{"start":{"line":63,"column":6},"end":{"line":69,"column":7}},"type":"if","locations":[{"start":{"line":63,"column":6},"end":{"line":69,"column":7}},{"start":{"line":66,"column":10},"end":{"line":69,"column":7}}],"line":63},"9":{"loc":{"start":{"line":77,"column":2},"end":{"line":92,"column":3}},"type":"if","locations":[{"start":{"line":77,"column":2},"end":{"line":92,"column":3}},{"start":{"line":80,"column":7},"end":{"line":92,"column":3}}],"line":77},"10":{"loc":{"start":{"line":77,"column":6},"end":{"line":77,"column":55}},"type":"binary-expr","locations":[{"start":{"line":77,"column":6},"end":{"line":77,"column":25}},{"start":{"line":77,"column":29},"end":{"line":77,"column":41}},{"start":{"line":77,"column":45},"end":{"line":77,"column":55}}],"line":77},"11":{"loc":{"start":{"line":84,"column":4},"end":{"line":90,"column":5}},"type":"if","locations":[{"start":{"line":84,"column":4},"end":{"line":90,"column":5}},{"start":{"line":87,"column":9},"end":{"line":90,"column":5}}],"line":84},"12":{"loc":{"start":{"line":100,"column":3},"end":{"line":134,"column":4}},"type":"if","locations":[{"start":{"line":100,"column":3},"end":{"line":134,"column":4}},{"start":{"line":103,"column":8},"end":{"line":134,"column":4}}],"line":100},"13":{"loc":{"start":{"line":104,"column":4},"end":{"line":133,"column":5}},"type":"if","locations":[{"start":{"line":104,"column":4},"end":{"line":133,"column":5}},{"start":{"line":116,"column":8},"end":{"line":133,"column":5}}],"line":104},"14":{"loc":{"start":{"line":107,"column":6},"end":{"line":113,"column":7}},"type":"if","locations":[{"start":{"line":107,"column":6},"end":{"line":113,"column":7}},{"start":{"line":111,"column":10},"end":{"line":113,"column":7}}],"line":107},"15":{"loc":{"start":{"line":118,"column":6},"end":{"line":131,"column":7}},"type":"if","locations":[{"start":{"line":118,"column":6},"end":{"line":131,"column":7}},{"start":{"line":121,"column":11},"end":{"line":131,"column":7}}],"line":118},"16":{"loc":{"start":{"line":123,"column":8},"end":{"line":129,"column":9}},"type":"if","locations":[{"start":{"line":123,"column":8},"end":{"line":129,"column":9}},{"start":{"line":127,"column":12},"end":{"line":129,"column":9}}],"line":123},"17":{"loc":{"start":{"line":138,"column":2},"end":{"line":143,"column":3}},"type":"if","locations":[{"start":{"line":138,"column":2},"end":{"line":143,"column":3}},{"start":{"line":141,"column":6},"end":{"line":143,"column":3}}],"line":138}},"s":{"0":1,"1":1,"2":1,"3":1,"4":1,"5":4,"6":4,"7":0,"8":0,"9":0,"10":0,"11":0,"12":0,"13":0,"14":0,"15":0,"16":0,"17":0,"18":0,"19":0,"20":0,"21":0,"22":0,"23":0,"24":0,"25":0,"26":0,"27":0,"28":0,"29":0,"30":0,"31":0,"32":0,"33":0,"34":0,"35":0,"36":0,"37":0,"38":0,"39":0,"40":0,"41":0,"42":0,"43":0,"44":1,"45":0,"46":0,"47":0,"48":0,"49":0,"50":0,"51":0,"52":0,"53":0,"54":0,"55":0,"56":0,"57":0,"58":0,"59":0,"60":0,"61":0,"62":0,"63":0,"64":0,"65":0,"66":0,"67":0,"68":0,"69":0},"f":{"0":1,"1":4,"2":0,"3":0,"4":0,"5":0,"6":0,"7":0,"8":0,"9":0,"10":0,"11":0,"12":0,"13":0,"14":0,"15":0},"b":{"0":[4,0],"1":[4,2,1,0,0],"2":[0,0],"3":[0,0],"4":[0,0],"5":[0,0],"6":[0,0],"7":[0,0],"8":[0,0],"9":[0,0],"10":[0,0,0],"11":[0,0],"12":[0,0],"13":[0,0],"14":[0,0],"15":[0,0],"16":[0,0],"17":[0,0]},"_coverageSchema":"1a1c01bbd47fc00a2c39e90264f33305004495a9","hash":"7233059d0679717b40cc1fd61655694388d680d1"}
,"D:\\GitHub\\Universidad\\WithU-Project\\public\\javascripts\\SAUsuario.js": {"path":"D:\\GitHub\\Universidad\\WithU-Project\\public\\javascripts\\SAUsuario.js","statementMap":{"0":{"start":{"line":2,"column":19},"end":{"line":2,"column":42}},"1":{"start":{"line":6,"column":2},"end":{"line":6,"column":20}},"2":{"start":{"line":11,"column":2},"end":{"line":69,"column":3}},"3":{"start":{"line":15,"column":3},"end":{"line":15,"column":44}},"4":{"start":{"line":17,"column":7},"end":{"line":69,"column":3}},"5":{"start":{"line":18,"column":3},"end":{"line":18,"column":72}},"6":{"start":{"line":20,"column":7},"end":{"line":69,"column":3}},"7":{"start":{"line":21,"column":3},"end":{"line":21,"column":55}},"8":{"start":{"line":23,"column":7},"end":{"line":69,"column":3}},"9":{"start":{"line":24,"column":3},"end":{"line":24,"column":52}},"10":{"start":{"line":26,"column":7},"end":{"line":69,"column":3}},"11":{"start":{"line":27,"column":3},"end":{"line":27,"column":48}},"12":{"start":{"line":29,"column":7},"end":{"line":69,"column":3}},"13":{"start":{"line":30,"column":3},"end":{"line":30,"column":48}},"14":{"start":{"line":32,"column":13},"end":{"line":69,"column":3}},"15":{"start":{"line":33,"column":12},"end":{"line":33,"column":53}},"16":{"start":{"line":36,"column":13},"end":{"line":36,"column":39}},"17":{"start":{"line":37,"column":12},"end":{"line":68,"column":15}},"18":{"start":{"line":38,"column":16},"end":{"line":67,"column":17}},"19":{"start":{"line":39,"column":20},"end":{"line":39,"column":34}},"20":{"start":{"line":42,"column":20},"end":{"line":66,"column":21}},"21":{"start":{"line":43,"column":24},"end":{"line":43,"column":68}},"22":{"start":{"line":46,"column":24},"end":{"line":65,"column":27}},"23":{"start":{"line":47,"column":28},"end":{"line":64,"column":29}},"24":{"start":{"line":48,"column":32},"end":{"line":48,"column":46}},"25":{"start":{"line":51,"column":32},"end":{"line":63,"column":33}},"26":{"start":{"line":52,"column":36},"end":{"line":52,"column":91}},"27":{"start":{"line":55,"column":36},"end":{"line":62,"column":39}},"28":{"start":{"line":56,"column":40},"end":{"line":61,"column":41}},"29":{"start":{"line":57,"column":44},"end":{"line":57,"column":58}},"30":{"start":{"line":60,"column":44},"end":{"line":60,"column":63}},"31":{"start":{"line":73,"column":8},"end":{"line":118,"column":9}},"32":{"start":{"line":75,"column":12},"end":{"line":75,"column":52}},"33":{"start":{"line":77,"column":13},"end":{"line":118,"column":9}},"34":{"start":{"line":78,"column":12},"end":{"line":78,"column":70}},"35":{"start":{"line":81,"column":22},"end":{"line":81,"column":48}},"36":{"start":{"line":82,"column":12},"end":{"line":117,"column":15}},"37":{"start":{"line":83,"column":16},"end":{"line":116,"column":17}},"38":{"start":{"line":84,"column":20},"end":{"line":84,"column":33}},"39":{"start":{"line":87,"column":20},"end":{"line":115,"column":21}},"40":{"start":{"line":88,"column":24},"end":{"line":88,"column":43}},"41":{"start":{"line":89,"column":24},"end":{"line":94,"column":25}},"42":{"start":{"line":90,"column":28},"end":{"line":90,"column":49}},"43":{"start":{"line":93,"column":28},"end":{"line":93,"column":61}},"44":{"start":{"line":97,"column":24},"end":{"line":114,"column":27}},"45":{"start":{"line":98,"column":28},"end":{"line":113,"column":29}},"46":{"start":{"line":99,"column":32},"end":{"line":99,"column":46}},"47":{"start":{"line":102,"column":32},"end":{"line":112,"column":33}},"48":{"start":{"line":103,"column":36},"end":{"line":108,"column":37}},"49":{"start":{"line":104,"column":40},"end":{"line":104,"column":61}},"50":{"start":{"line":107,"column":40},"end":{"line":107,"column":73}},"51":{"start":{"line":111,"column":36},"end":{"line":111,"column":68}},"52":{"start":{"line":121,"column":0},"end":{"line":121,"column":27}}},"fnMap":{"0":{"name":"(anonymous_0)","decl":{"start":{"line":5,"column":1},"end":{"line":5,"column":2}},"loc":{"start":{"line":5,"column":18},"end":{"line":7,"column":2}},"line":5},"1":{"name":"(anonymous_1)","decl":{"start":{"line":10,"column":1},"end":{"line":10,"column":2}},"loc":{"start":{"line":10,"column":35},"end":{"line":70,"column":5}},"line":10},"2":{"name":"(anonymous_2)","decl":{"start":{"line":37,"column":52},"end":{"line":37,"column":53}},"loc":{"start":{"line":37,"column":70},"end":{"line":68,"column":13}},"line":37},"3":{"name":"(anonymous_3)","decl":{"start":{"line":46,"column":69},"end":{"line":46,"column":70}},"loc":{"start":{"line":46,"column":87},"end":{"line":65,"column":25}},"line":46},"4":{"name":"(anonymous_4)","decl":{"start":{"line":55,"column":64},"end":{"line":55,"column":65}},"loc":{"start":{"line":55,"column":80},"end":{"line":62,"column":37}},"line":55},"5":{"name":"(anonymous_5)","decl":{"start":{"line":72,"column":4},"end":{"line":72,"column":5}},"loc":{"start":{"line":72,"column":46},"end":{"line":119,"column":5}},"line":72},"6":{"name":"(anonymous_6)","decl":{"start":{"line":82,"column":46},"end":{"line":82,"column":47}},"loc":{"start":{"line":82,"column":65},"end":{"line":117,"column":13}},"line":82},"7":{"name":"(anonymous_7)","decl":{"start":{"line":97,"column":60},"end":{"line":97,"column":61}},"loc":{"start":{"line":97,"column":79},"end":{"line":114,"column":25}},"line":97}},"branchMap":{"0":{"loc":{"start":{"line":11,"column":2},"end":{"line":69,"column":3}},"type":"if","locations":[{"start":{"line":11,"column":2},"end":{"line":69,"column":3}},{"start":{"line":17,"column":7},"end":{"line":69,"column":3}}],"line":11},"1":{"loc":{"start":{"line":11,"column":5},"end":{"line":14,"column":119}},"type":"binary-expr","locations":[{"start":{"line":11,"column":5},"end":{"line":11,"column":26}},{"start":{"line":11,"column":30},"end":{"line":11,"column":46}},{"start":{"line":12,"column":15},"end":{"line":12,"column":45}},{"start":{"line":12,"column":49},"end":{"line":12,"column":76}},{"start":{"line":12,"column":80},"end":{"line":12,"column":110}},{"start":{"line":12,"column":114},"end":{"line":12,"column":151}},{"start":{"line":13,"column":15},"end":{"line":13,"column":40}},{"start":{"line":13,"column":44},"end":{"line":13,"column":66}},{"start":{"line":13,"column":70},"end":{"line":13,"column":95}},{"start":{"line":13,"column":99},"end":{"line":13,"column":131}},{"start":{"line":14,"column":11},"end":{"line":14,"column":34}},{"start":{"line":14,"column":38},"end":{"line":14,"column":58}},{"start":{"line":14,"column":62},"end":{"line":14,"column":85}},{"start":{"line":14,"column":89},"end":{"line":14,"column":119}}],"line":11},"2":{"loc":{"start":{"line":17,"column":7},"end":{"line":69,"column":3}},"type":"if","locations":[{"start":{"line":17,"column":7},"end":{"line":69,"column":3}},{"start":{"line":20,"column":7},"end":{"line":69,"column":3}}],"line":17},"3":{"loc":{"start":{"line":20,"column":7},"end":{"line":69,"column":3}},"type":"if","locations":[{"start":{"line":20,"column":7},"end":{"line":69,"column":3}},{"start":{"line":23,"column":7},"end":{"line":69,"column":3}}],"line":20},"4":{"loc":{"start":{"line":23,"column":7},"end":{"line":69,"column":3}},"type":"if","locations":[{"start":{"line":23,"column":7},"end":{"line":69,"column":3}},{"start":{"line":26,"column":7},"end":{"line":69,"column":3}}],"line":23},"5":{"loc":{"start":{"line":26,"column":7},"end":{"line":69,"column":3}},"type":"if","locations":[{"start":{"line":26,"column":7},"end":{"line":69,"column":3}},{"start":{"line":29,"column":7},"end":{"line":69,"column":3}}],"line":26},"6":{"loc":{"start":{"line":29,"column":7},"end":{"line":69,"column":3}},"type":"if","locations":[{"start":{"line":29,"column":7},"end":{"line":69,"column":3}},{"start":{"line":32,"column":13},"end":{"line":69,"column":3}}],"line":29},"7":{"loc":{"start":{"line":32,"column":13},"end":{"line":69,"column":3}},"type":"if","locations":[{"start":{"line":32,"column":13},"end":{"line":69,"column":3}},{"start":{"line":35,"column":6},"end":{"line":69,"column":3}}],"line":32},"8":{"loc":{"start":{"line":38,"column":16},"end":{"line":67,"column":17}},"type":"if","locations":[{"start":{"line":38,"column":16},"end":{"line":67,"column":17}},{"start":{"line":41,"column":20},"end":{"line":67,"column":17}}],"line":38},"9":{"loc":{"start":{"line":42,"column":20},"end":{"line":66,"column":21}},"type":"if","locations":[{"start":{"line":42,"column":20},"end":{"line":66,"column":21}},{"start":{"line":45,"column":24},"end":{"line":66,"column":21}}],"line":42},"10":{"loc":{"start":{"line":47,"column":28},"end":{"line":64,"column":29}},"type":"if","locations":[{"start":{"line":47,"column":28},"end":{"line":64,"column":29}},{"start":{"line":50,"column":32},"end":{"line":64,"column":29}}],"line":47},"11":{"loc":{"start":{"line":51,"column":32},"end":{"line":63,"column":33}},"type":"if","locations":[{"start":{"line":51,"column":32},"end":{"line":63,"column":33}},{"start":{"line":54,"column":36},"end":{"line":63,"column":33}}],"line":51},"12":{"loc":{"start":{"line":56,"column":40},"end":{"line":61,"column":41}},"type":"if","locations":[{"start":{"line":56,"column":40},"end":{"line":61,"column":41}},{"start":{"line":59,"column":44},"end":{"line":61,"column":41}}],"line":56},"13":{"loc":{"start":{"line":73,"column":8},"end":{"line":118,"column":9}},"type":"if","locations":[{"start":{"line":73,"column":8},"end":{"line":118,"column":9}},{"start":{"line":77,"column":13},"end":{"line":118,"column":9}}],"line":73},"14":{"loc":{"start":{"line":73,"column":11},"end":{"line":74,"column":54}},"type":"binary-expr","locations":[{"start":{"line":73,"column":11},"end":{"line":73,"column":25}},{"start":{"line":73,"column":29},"end":{"line":73,"column":50}},{"start":{"line":73,"column":54},"end":{"line":73,"column":70}},{"start":{"line":73,"column":74},"end":{"line":73,"column":89}},{"start":{"line":74,"column":11},"end":{"line":74,"column":33}},{"start":{"line":74,"column":37},"end":{"line":74,"column":54}}],"line":73},"15":{"loc":{"start":{"line":77,"column":13},"end":{"line":118,"column":9}},"type":"if","locations":[{"start":{"line":77,"column":13},"end":{"line":118,"column":9}},{"start":{"line":80,"column":12},"end":{"line":118,"column":9}}],"line":77},"16":{"loc":{"start":{"line":77,"column":16},"end":{"line":77,"column":59}},"type":"binary-expr","locations":[{"start":{"line":77,"column":16},"end":{"line":77,"column":35}},{"start":{"line":77,"column":39},"end":{"line":77,"column":59}}],"line":77},"17":{"loc":{"start":{"line":83,"column":16},"end":{"line":116,"column":17}},"type":"if","locations":[{"start":{"line":83,"column":16},"end":{"line":116,"column":17}},{"start":{"line":86,"column":20},"end":{"line":116,"column":17}}],"line":83},"18":{"loc":{"start":{"line":87,"column":20},"end":{"line":115,"column":21}},"type":"if","locations":[{"start":{"line":87,"column":20},"end":{"line":115,"column":21}},{"start":{"line":96,"column":24},"end":{"line":115,"column":21}}],"line":87},"19":{"loc":{"start":{"line":89,"column":24},"end":{"line":94,"column":25}},"type":"if","locations":[{"start":{"line":89,"column":24},"end":{"line":94,"column":25}},{"start":{"line":92,"column":28},"end":{"line":94,"column":25}}],"line":89},"20":{"loc":{"start":{"line":98,"column":28},"end":{"line":113,"column":29}},"type":"if","locations":[{"start":{"line":98,"column":28},"end":{"line":113,"column":29}},{"start":{"line":101,"column":32},"end":{"line":113,"column":29}}],"line":98},"21":{"loc":{"start":{"line":102,"column":32},"end":{"line":112,"column":33}},"type":"if","locations":[{"start":{"line":102,"column":32},"end":{"line":112,"column":33}},{"start":{"line":110,"column":36},"end":{"line":112,"column":33}}],"line":102},"22":{"loc":{"start":{"line":103,"column":36},"end":{"line":108,"column":37}},"type":"if","locations":[{"start":{"line":103,"column":36},"end":{"line":108,"column":37}},{"start":{"line":106,"column":40},"end":{"line":108,"column":37}}],"line":103}},"s":{"0":1,"1":1,"2":17,"3":6,"4":11,"5":1,"6":10,"7":1,"8":9,"9":3,"10":6,"11":1,"12":5,"13":1,"14":4,"15":1,"16":3,"17":3,"18":1,"19":0,"20":1,"21":0,"22":1,"23":1,"24":0,"25":1,"26":0,"27":1,"28":1,"29":0,"30":1,"31":3,"32":2,"33":1,"34":0,"35":1,"36":1,"37":1,"38":0,"39":1,"40":0,"41":0,"42":0,"43":0,"44":1,"45":1,"46":0,"47":1,"48":0,"49":0,"50":0,"51":1,"52":1},"f":{"0":1,"1":17,"2":1,"3":1,"4":1,"5":3,"6":1,"7":1},"b":{"0":[6,11],"1":[17,16,15,15,15,15,15,14,13,12,11,11,11,11],"2":[1,10],"3":[1,9],"4":[3,6],"5":[1,5],"6":[1,4],"7":[1,3],"8":[0,1],"9":[0,1],"10":[0,1],"11":[0,1],"12":[0,1],"13":[2,1],"14":[3,3,3,2,2,2],"15":[0,1],"16":[1,1],"17":[0,1],"18":[0,1],"19":[0,0],"20":[0,1],"21":[0,1],"22":[0,0]},"_coverageSchema":"1a1c01bbd47fc00a2c39e90264f33305004495a9","hash":"a72c974596007c5b21f9f8b59821358b49b6efde"}
}
