{"C:\\Users\\Adrian\\VSCodeRepos\\WithU-Project\\config.js": {"path":"C:\\Users\\Adrian\\VSCodeRepos\\WithU-Project\\config.js","statementMap":{"0":{"start":{"line":3,"column":0},"end":{"line":8,"column":1}}},"fnMap":{},"branchMap":{},"s":{"0":2},"f":{},"b":{},"_coverageSchema":"1a1c01bbd47fc00a2c39e90264f33305004495a9","hash":"13d07888e05a6e03d653c37e9528ec727022a47e"}
,"C:\\Users\\Adrian\\VSCodeRepos\\WithU-Project\\public\\javascripts\\DAOEtiqueta.js": {"path":"C:\\Users\\Adrian\\VSCodeRepos\\WithU-Project\\public\\javascripts\\DAOEtiqueta.js","statementMap":{"0":{"start":{"line":5,"column":2},"end":{"line":5,"column":20}},"1":{"start":{"line":10,"column":0},"end":{"line":10,"column":29}}},"fnMap":{"0":{"name":"(anonymous_0)","decl":{"start":{"line":4,"column":1},"end":{"line":4,"column":2}},"loc":{"start":{"line":4,"column":19},"end":{"line":6,"column":2}},"line":4}},"branchMap":{},"s":{"0":0,"1":2},"f":{"0":0},"b":{},"_coverageSchema":"1a1c01bbd47fc00a2c39e90264f33305004495a9","hash":"ee7eae7e23950c2561bb6d4c737010edd41c6d72"}
,"C:\\Users\\Adrian\\VSCodeRepos\\WithU-Project\\public\\javascripts\\DAOPublicacion.js": {"path":"C:\\Users\\Adrian\\VSCodeRepos\\WithU-Project\\public\\javascripts\\DAOPublicacion.js","statementMap":{"0":{"start":{"line":2,"column":20},"end":{"line":2,"column":44}},"1":{"start":{"line":3,"column":31},"end":{"line":3,"column":66}},"2":{"start":{"line":6,"column":2},"end":{"line":6,"column":20}},"3":{"start":{"line":10,"column":2},"end":{"line":29,"column":5}},"4":{"start":{"line":11,"column":3},"end":{"line":28,"column":4}},"5":{"start":{"line":12,"column":4},"end":{"line":12,"column":25}},"6":{"start":{"line":13,"column":4},"end":{"line":13,"column":53}},"7":{"start":{"line":16,"column":4},"end":{"line":27,"column":6}},"8":{"start":{"line":18,"column":6},"end":{"line":18,"column":27}},"9":{"start":{"line":19,"column":6},"end":{"line":25,"column":7}},"10":{"start":{"line":20,"column":7},"end":{"line":20,"column":47}},"11":{"start":{"line":24,"column":7},"end":{"line":24,"column":39}},"12":{"start":{"line":33,"column":2},"end":{"line":53,"column":5}},"13":{"start":{"line":34,"column":3},"end":{"line":52,"column":4}},"14":{"start":{"line":35,"column":4},"end":{"line":35,"column":25}},"15":{"start":{"line":36,"column":4},"end":{"line":36,"column":64}},"16":{"start":{"line":39,"column":4},"end":{"line":51,"column":6}},"17":{"start":{"line":41,"column":6},"end":{"line":41,"column":27}},"18":{"start":{"line":42,"column":6},"end":{"line":49,"column":7}},"19":{"start":{"line":43,"column":7},"end":{"line":43,"column":67}},"20":{"start":{"line":47,"column":23},"end":{"line":47,"column":82}},"21":{"start":{"line":48,"column":7},"end":{"line":48,"column":34}},"22":{"start":{"line":87,"column":0},"end":{"line":87,"column":32}}},"fnMap":{"0":{"name":"(anonymous_0)","decl":{"start":{"line":5,"column":1},"end":{"line":5,"column":2}},"loc":{"start":{"line":5,"column":19},"end":{"line":7,"column":2}},"line":5},"1":{"name":"(anonymous_1)","decl":{"start":{"line":9,"column":1},"end":{"line":9,"column":2}},"loc":{"start":{"line":9,"column":43},"end":{"line":30,"column":2}},"line":9},"2":{"name":"(anonymous_2)","decl":{"start":{"line":10,"column":27},"end":{"line":10,"column":28}},"loc":{"start":{"line":10,"column":53},"end":{"line":29,"column":3}},"line":10},"3":{"name":"(anonymous_3)","decl":{"start":{"line":17,"column":5},"end":{"line":17,"column":6}},"loc":{"start":{"line":17,"column":27},"end":{"line":26,"column":6}},"line":17},"4":{"name":"(anonymous_4)","decl":{"start":{"line":32,"column":1},"end":{"line":32,"column":2}},"loc":{"start":{"line":32,"column":30},"end":{"line":54,"column":2}},"line":32},"5":{"name":"(anonymous_5)","decl":{"start":{"line":33,"column":27},"end":{"line":33,"column":28}},"loc":{"start":{"line":33,"column":53},"end":{"line":53,"column":3}},"line":33},"6":{"name":"(anonymous_6)","decl":{"start":{"line":40,"column":5},"end":{"line":40,"column":6}},"loc":{"start":{"line":40,"column":25},"end":{"line":50,"column":6}},"line":40}},"branchMap":{"0":{"loc":{"start":{"line":11,"column":3},"end":{"line":28,"column":4}},"type":"if","locations":[{"start":{"line":11,"column":3},"end":{"line":28,"column":4}},{"start":{"line":15,"column":8},"end":{"line":28,"column":4}}],"line":11},"1":{"loc":{"start":{"line":19,"column":6},"end":{"line":25,"column":7}},"type":"if","locations":[{"start":{"line":19,"column":6},"end":{"line":25,"column":7}},{"start":{"line":22,"column":11},"end":{"line":25,"column":7}}],"line":19},"2":{"loc":{"start":{"line":34,"column":3},"end":{"line":52,"column":4}},"type":"if","locations":[{"start":{"line":34,"column":3},"end":{"line":52,"column":4}},{"start":{"line":38,"column":8},"end":{"line":52,"column":4}}],"line":34},"3":{"loc":{"start":{"line":42,"column":6},"end":{"line":49,"column":7}},"type":"if","locations":[{"start":{"line":42,"column":6},"end":{"line":49,"column":7}},{"start":{"line":45,"column":11},"end":{"line":49,"column":7}}],"line":42}},"s":{"0":2,"1":2,"2":5,"3":5,"4":4,"5":0,"6":0,"7":4,"8":4,"9":4,"10":1,"11":3,"12":1,"13":1,"14":0,"15":0,"16":1,"17":1,"18":1,"19":0,"20":1,"21":1,"22":2},"f":{"0":5,"1":5,"2":4,"3":4,"4":1,"5":1,"6":1},"b":{"0":[0,4],"1":[1,3],"2":[0,1],"3":[0,1]},"_coverageSchema":"1a1c01bbd47fc00a2c39e90264f33305004495a9","hash":"6a704febdd8bc81ca46b1c5ada0c1c727041da2f"}
,"C:\\Users\\Adrian\\VSCodeRepos\\WithU-Project\\public\\javascripts\\DAOPublicacionEtiqueta.js": {"path":"C:\\Users\\Adrian\\VSCodeRepos\\WithU-Project\\public\\javascripts\\DAOPublicacionEtiqueta.js","statementMap":{"0":{"start":{"line":6,"column":2},"end":{"line":6,"column":20}},"1":{"start":{"line":11,"column":0},"end":{"line":11,"column":40}}},"fnMap":{"0":{"name":"(anonymous_0)","decl":{"start":{"line":5,"column":1},"end":{"line":5,"column":2}},"loc":{"start":{"line":5,"column":19},"end":{"line":7,"column":2}},"line":5}},"branchMap":{},"s":{"0":0,"1":2},"f":{"0":0},"b":{},"_coverageSchema":"1a1c01bbd47fc00a2c39e90264f33305004495a9","hash":"f49d16d6ad53b342428d594021aa90c6dd834961"}
,"C:\\Users\\Adrian\\VSCodeRepos\\WithU-Project\\public\\javascripts\\SAPublicacion.js": {"path":"C:\\Users\\Adrian\\VSCodeRepos\\WithU-Project\\public\\javascripts\\SAPublicacion.js","statementMap":{"0":{"start":{"line":2,"column":23},"end":{"line":2,"column":50}},"1":{"start":{"line":6,"column":2},"end":{"line":6,"column":20}},"2":{"start":{"line":10,"column":2},"end":{"line":29,"column":3}},"3":{"start":{"line":11,"column":3},"end":{"line":11,"column":47}},"4":{"start":{"line":13,"column":7},"end":{"line":29,"column":3}},"5":{"start":{"line":14,"column":3},"end":{"line":14,"column":44}},"6":{"start":{"line":17,"column":3},"end":{"line":28,"column":4}},"7":{"start":{"line":18,"column":4},"end":{"line":18,"column":53}},"8":{"start":{"line":21,"column":4},"end":{"line":27,"column":5}},"9":{"start":{"line":22,"column":5},"end":{"line":22,"column":46}},"10":{"start":{"line":25,"column":15},"end":{"line":25,"column":45}},"11":{"start":{"line":26,"column":5},"end":{"line":26,"column":51}},"12":{"start":{"line":34,"column":2},"end":{"line":43,"column":3}},"13":{"start":{"line":35,"column":3},"end":{"line":35,"column":37}},"14":{"start":{"line":37,"column":7},"end":{"line":43,"column":3}},"15":{"start":{"line":38,"column":3},"end":{"line":38,"column":39}},"16":{"start":{"line":41,"column":13},"end":{"line":41,"column":43}},"17":{"start":{"line":42,"column":3},"end":{"line":42,"column":37}},"18":{"start":{"line":48,"column":0},"end":{"line":48,"column":31}}},"fnMap":{"0":{"name":"(anonymous_0)","decl":{"start":{"line":5,"column":1},"end":{"line":5,"column":2}},"loc":{"start":{"line":5,"column":18},"end":{"line":7,"column":2}},"line":5},"1":{"name":"(anonymous_1)","decl":{"start":{"line":9,"column":1},"end":{"line":9,"column":2}},"loc":{"start":{"line":9,"column":43},"end":{"line":30,"column":2}},"line":9},"2":{"name":"(anonymous_2)","decl":{"start":{"line":32,"column":1},"end":{"line":32,"column":2}},"loc":{"start":{"line":32,"column":31},"end":{"line":44,"column":2}},"line":32}},"branchMap":{"0":{"loc":{"start":{"line":10,"column":2},"end":{"line":29,"column":3}},"type":"if","locations":[{"start":{"line":10,"column":2},"end":{"line":29,"column":3}},{"start":{"line":13,"column":7},"end":{"line":29,"column":3}}],"line":10},"1":{"loc":{"start":{"line":10,"column":5},"end":{"line":10,"column":126}},"type":"binary-expr","locations":[{"start":{"line":10,"column":5},"end":{"line":10,"column":30}},{"start":{"line":10,"column":34},"end":{"line":10,"column":54}},{"start":{"line":10,"column":58},"end":{"line":10,"column":90}},{"start":{"line":10,"column":94},"end":{"line":10,"column":126}}],"line":10},"2":{"loc":{"start":{"line":13,"column":7},"end":{"line":29,"column":3}},"type":"if","locations":[{"start":{"line":13,"column":7},"end":{"line":29,"column":3}},{"start":{"line":16,"column":6},"end":{"line":29,"column":3}}],"line":13},"3":{"loc":{"start":{"line":13,"column":10},"end":{"line":13,"column":64}},"type":"binary-expr","locations":[{"start":{"line":13,"column":10},"end":{"line":13,"column":35}},{"start":{"line":13,"column":39},"end":{"line":13,"column":64}}],"line":13},"4":{"loc":{"start":{"line":17,"column":3},"end":{"line":28,"column":4}},"type":"if","locations":[{"start":{"line":17,"column":3},"end":{"line":28,"column":4}},{"start":{"line":20,"column":7},"end":{"line":28,"column":4}}],"line":17},"5":{"loc":{"start":{"line":21,"column":4},"end":{"line":27,"column":5}},"type":"if","locations":[{"start":{"line":21,"column":4},"end":{"line":27,"column":5}},{"start":{"line":24,"column":8},"end":{"line":27,"column":5}}],"line":21},"6":{"loc":{"start":{"line":34,"column":2},"end":{"line":43,"column":3}},"type":"if","locations":[{"start":{"line":34,"column":2},"end":{"line":43,"column":3}},{"start":{"line":37,"column":7},"end":{"line":43,"column":3}}],"line":34},"7":{"loc":{"start":{"line":37,"column":7},"end":{"line":43,"column":3}},"type":"if","locations":[{"start":{"line":37,"column":7},"end":{"line":43,"column":3}},{"start":{"line":40,"column":7},"end":{"line":43,"column":3}}],"line":37}},"s":{"0":1,"1":1,"2":8,"3":3,"4":5,"5":2,"6":3,"7":1,"8":2,"9":0,"10":2,"11":2,"12":1,"13":0,"14":1,"15":0,"16":1,"17":1,"18":1},"f":{"0":1,"1":8,"2":1},"b":{"0":[3,5],"1":[8,6,5,5],"2":[2,3],"3":[5,4],"4":[1,2],"5":[0,2],"6":[0,1],"7":[0,1]},"_coverageSchema":"1a1c01bbd47fc00a2c39e90264f33305004495a9","hash":"9150103b976494963330ae3bb02963e8f45b8081"}
}
