TN:
SF:config.js
FNF:0
FNH:0
DA:3,2
LF:1
LH:1
BRF:0
BRH:0
end_of_record
TN:
SF:public\javascripts\DAOEtiqueta.js
FN:4,(anonymous_0)
FN:8,(anonymous_1)
FN:9,(anonymous_2)
FN:16,(anonymous_3)
FN:31,(anonymous_4)
FN:32,(anonymous_5)
FN:39,(anonymous_6)
FN:54,(anonymous_7)
FN:55,(anonymous_8)
FN:62,(anonymous_9)
FNF:10
FNH:4
FNDA:1,(anonymous_0)
FNDA:0,(anonymous_1)
FNDA:0,(anonymous_2)
FNDA:0,(anonymous_3)
FNDA:0,(anonymous_4)
FNDA:0,(anonymous_5)
FNDA:0,(anonymous_6)
FNDA:1,(anonymous_7)
FNDA:1,(anonymous_8)
FNDA:1,(anonymous_9)
DA:5,1
DA:9,0
DA:10,0
DA:11,0
DA:12,0
DA:15,0
DA:17,0
DA:18,0
DA:19,0
DA:23,0
DA:32,0
DA:33,0
DA:34,0
DA:35,0
DA:38,0
DA:40,0
DA:41,0
DA:42,0
DA:45,0
DA:46,0
DA:55,1
DA:56,1
DA:57,0
DA:58,0
DA:61,1
DA:63,1
DA:64,1
DA:65,0
DA:68,1
DA:69,1
DA:77,2
LF:31
LH:9
BRDA:10,0,0,0
BRDA:10,0,1,0
BRDA:18,1,0,0
BRDA:18,1,1,0
BRDA:33,2,0,0
BRDA:33,2,1,0
BRDA:41,3,0,0
BRDA:41,3,1,0
BRDA:56,4,0,0
BRDA:56,4,1,1
BRDA:64,5,0,0
BRDA:64,5,1,1
BRF:12
BRH:2
end_of_record
TN:
SF:public\javascripts\DAOPublicacion.js
FN:5,(anonymous_0)
FN:9,(anonymous_1)
FN:10,(anonymous_2)
FN:17,(anonymous_3)
FN:31,(anonymous_4)
FN:32,(anonymous_5)
FN:39,(anonymous_6)
FNF:7
FNH:7
FNDA:4,(anonymous_0)
FNDA:4,(anonymous_1)
FNDA:3,(anonymous_2)
FNDA:3,(anonymous_3)
FNDA:1,(anonymous_4)
FNDA:1,(anonymous_5)
FNDA:1,(anonymous_6)
DA:2,2
DA:3,2
DA:6,4
DA:10,4
DA:11,3
DA:12,3
DA:13,0
DA:16,3
DA:18,3
DA:19,1
DA:23,2
DA:32,1
DA:33,1
DA:34,0
DA:35,0
DA:38,1
DA:40,1
DA:41,1
DA:42,0
DA:46,1
DA:53,1
DA:94,2
LF:22
LH:18
BRDA:12,0,0,0
BRDA:12,0,1,3
BRDA:18,1,0,1
BRDA:18,1,1,2
BRDA:33,2,0,0
BRDA:33,2,1,1
BRDA:41,3,0,0
BRDA:41,3,1,1
BRF:8
BRH:5
end_of_record
TN:
SF:public\javascripts\DAOPublicacionEtiqueta.js
FN:5,(anonymous_0)
FN:9,(anonymous_1)
FN:10,(anonymous_2)
FN:17,(anonymous_3)
FN:35,(anonymous_4)
FN:36,(anonymous_5)
FN:43,(anonymous_6)
FN:50,(anonymous_7)
FNF:8
FNH:8
FNDA:2,(anonymous_0)
FNDA:1,(anonymous_1)
FNDA:1,(anonymous_2)
FNDA:1,(anonymous_3)
FNDA:1,(anonymous_4)
FNDA:1,(anonymous_5)
FNDA:1,(anonymous_6)
FNDA:1,(anonymous_7)
DA:6,2
DA:10,1
DA:11,1
DA:12,0
DA:13,0
DA:16,1
DA:18,1
DA:19,1
DA:20,0
DA:21,0
DA:22,0
DA:26,1
DA:27,1
DA:36,1
DA:37,1
DA:38,0
DA:39,0
DA:42,1
DA:44,1
DA:45,1
DA:46,0
DA:49,1
DA:51,1
DA:53,1
DA:61,2
LF:25
LH:17
BRDA:11,0,0,0
BRDA:11,0,1,1
BRDA:19,1,0,0
BRDA:19,1,1,1
BRDA:37,2,0,0
BRDA:37,2,1,1
BRDA:45,3,0,0
BRDA:45,3,1,1
BRF:8
BRH:4
end_of_record
TN:
SF:public\javascripts\DAOSeccion.js
FN:3,(anonymous_0)
FN:8,(anonymous_1)
FN:9,(anonymous_2)
FN:16,(anonymous_3)
FN:38,(anonymous_4)
FN:39,(anonymous_5)
FN:45,(anonymous_6)
FN:52,(anonymous_7)
FNF:8
FNH:4
FNDA:3,(anonymous_0)
FNDA:3,(anonymous_1)
FNDA:3,(anonymous_2)
FNDA:3,(anonymous_3)
FNDA:0,(anonymous_4)
FNDA:0,(anonymous_5)
FNDA:0,(anonymous_6)
FNDA:0,(anonymous_7)
DA:4,3
DA:9,3
DA:10,3
DA:11,0
DA:12,0
DA:15,3
DA:17,3
DA:18,3
DA:19,0
DA:24,3
DA:25,1
DA:30,3
DA:39,0
DA:40,0
DA:41,0
DA:44,0
DA:46,0
DA:47,0
DA:48,0
DA:51,0
DA:53,0
DA:58,0
DA:67,1
LF:23
LH:10
BRDA:10,0,0,0
BRDA:10,0,1,3
BRDA:18,1,0,0
BRDA:18,1,1,3
BRDA:24,2,0,1
BRDA:24,2,1,2
BRDA:40,3,0,0
BRDA:40,3,1,0
BRDA:47,4,0,0
BRDA:47,4,1,0
BRF:10
BRH:4
end_of_record
TN:
SF:public\javascripts\SAPublicacion.js
FN:9,(anonymous_0)
FN:13,(anonymous_1)
FN:34,(anonymous_2)
FN:39,(anonymous_3)
FN:45,(anonymous_4)
FN:52,(anonymous_5)
FN:67,(anonymous_6)
FN:76,(anonymous_7)
FN:80,(anonymous_8)
FN:82,(anonymous_9)
FN:90,(anonymous_10)
FN:107,(anonymous_11)
FN:118,(anonymous_12)
FN:124,(anonymous_13)
FN:138,(anonymous_14)
FN:144,(anonymous_15)
FN:160,insertar
FN:161,(anonymous_17)
FN:162,(anonymous_18)
FN:168,(anonymous_19)
FN:180,(anonymous_20)
FN:185,(anonymous_21)
FN:200,(anonymous_22)
FNF:23
FNH:18
FNDA:1,(anonymous_0)
FNDA:13,(anonymous_1)
FNDA:3,(anonymous_2)
FNDA:3,(anonymous_3)
FNDA:3,(anonymous_4)
FNDA:3,(anonymous_5)
FNDA:1,(anonymous_6)
FNDA:1,(anonymous_7)
FNDA:1,(anonymous_8)
FNDA:0,(anonymous_9)
FNDA:1,(anonymous_10)
FNDA:1,(anonymous_11)
FNDA:1,(anonymous_12)
FNDA:1,(anonymous_13)
FNDA:0,(anonymous_14)
FNDA:0,(anonymous_15)
FNDA:1,insertar
FNDA:1,(anonymous_17)
FNDA:1,(anonymous_18)
FNDA:1,(anonymous_19)
FNDA:0,(anonymous_20)
FNDA:0,(anonymous_21)
FNDA:1,(anonymous_22)
DA:2,1
DA:3,1
DA:4,1
DA:5,1
DA:10,1
DA:15,13
DA:17,8
DA:19,5
DA:20,1
DA:22,4
DA:23,0
DA:25,4
DA:26,0
DA:28,4
DA:29,1
DA:33,3
DA:34,3
DA:35,3
DA:36,0
DA:39,3
DA:40,3
DA:41,0
DA:42,0
DA:45,3
DA:46,3
DA:47,0
DA:48,0
DA:51,3
DA:52,3
DA:53,3
DA:54,0
DA:55,0
DA:58,3
DA:59,2
DA:60,2
DA:63,1
DA:64,1
DA:65,1
DA:67,1
DA:68,1
DA:69,0
DA:70,0
DA:71,0
DA:72,0
DA:75,1
DA:76,1
DA:77,1
DA:78,1
DA:80,1
DA:81,1
DA:82,0
DA:83,0
DA:86,1
DA:87,1
DA:88,1
DA:90,1
DA:109,1
DA:110,0
DA:112,1
DA:113,0
DA:116,1
DA:117,1
DA:118,1
DA:119,1
DA:120,0
DA:121,0
DA:124,1
DA:125,1
DA:126,0
DA:129,1
DA:130,1
DA:139,0
DA:140,0
DA:143,0
DA:144,0
DA:145,0
DA:146,0
DA:149,0
DA:150,0
DA:158,1
DA:161,1
DA:162,1
DA:163,1
DA:164,0
DA:165,0
DA:167,1
DA:168,1
DA:169,1
DA:170,1
DA:171,0
DA:172,0
DA:175,1
DA:180,0
DA:181,0
DA:182,0
DA:183,0
DA:185,0
DA:186,0
DA:187,0
DA:188,0
DA:191,0
DA:200,1
DA:201,1
DA:202,0
DA:205,1
LF:105
LH:63
BRDA:15,0,0,8
BRDA:15,0,1,5
BRDA:15,1,0,13
BRDA:15,1,1,11
BRDA:15,1,2,10
BRDA:15,1,3,10
BRDA:15,1,4,10
BRDA:15,1,5,9
BRDA:15,1,6,8
BRDA:15,1,7,7
BRDA:15,1,8,6
BRDA:15,1,9,5
BRDA:19,2,0,1
BRDA:19,2,1,4
BRDA:22,3,0,0
BRDA:22,3,1,4
BRDA:25,4,0,0
BRDA:25,4,1,4
BRDA:25,5,0,4
BRDA:25,5,1,0
BRDA:28,6,0,1
BRDA:28,6,1,3
BRDA:28,7,0,4
BRDA:28,7,1,3
BRDA:35,8,0,0
BRDA:35,8,1,3
BRDA:40,9,0,0
BRDA:40,9,1,3
BRDA:46,10,0,0
BRDA:46,10,1,3
BRDA:53,11,0,0
BRDA:53,11,1,3
BRDA:58,12,0,2
BRDA:58,12,1,1
BRDA:68,13,0,0
BRDA:68,13,1,1
BRDA:81,14,0,0
BRDA:81,14,1,1
BRDA:109,15,0,0
BRDA:109,15,1,1
BRDA:112,16,0,0
BRDA:112,16,1,1
BRDA:119,17,0,0
BRDA:119,17,1,1
BRDA:125,18,0,0
BRDA:125,18,1,1
BRDA:139,19,0,0
BRDA:139,19,1,0
BRDA:139,20,0,0
BRDA:139,20,1,0
BRDA:139,20,2,0
BRDA:145,21,0,0
BRDA:145,21,1,0
BRDA:163,22,0,0
BRDA:163,22,1,1
BRDA:167,23,0,1
BRDA:167,23,1,0
BRDA:170,24,0,0
BRDA:170,24,1,1
BRDA:181,25,0,0
BRDA:181,25,1,0
BRDA:186,26,0,0
BRDA:186,26,1,0
BRDA:201,27,0,0
BRDA:201,27,1,1
BRF:65
BRH:37
end_of_record
