TN:
SF:config.js
FNF:0
FNH:0
DA:3,9
DA:5,9
LF:2
LH:2
BRF:0
BRH:0
end_of_record
TN:
SF:public\javascripts\DAOEtiqueta.js
FN:4,(anonymous_0)
FN:8,(anonymous_1)
FN:9,(anonymous_2)
FN:16,(anonymous_3)
FN:31,(anonymous_4)
FN:32,(anonymous_5)
FN:39,(anonymous_6)
FN:54,(anonymous_7)
FN:55,(anonymous_8)
FN:62,(anonymous_9)
FNF:10
FNH:4
FNDA:3,(anonymous_0)
FNDA:3,(anonymous_1)
FNDA:2,(anonymous_2)
FNDA:2,(anonymous_3)
FNDA:0,(anonymous_4)
FNDA:0,(anonymous_5)
FNDA:0,(anonymous_6)
FNDA:0,(anonymous_7)
FNDA:0,(anonymous_8)
FNDA:0,(anonymous_9)
DA:5,3
DA:9,3
DA:10,2
DA:11,0
DA:12,0
DA:15,2
DA:17,2
DA:18,2
DA:19,1
DA:23,1
DA:32,0
DA:33,0
DA:34,0
DA:35,0
DA:38,0
DA:40,0
DA:41,0
DA:42,0
DA:45,0
DA:46,0
DA:55,0
DA:56,0
DA:57,0
DA:58,0
DA:61,0
DA:63,0
DA:64,0
DA:65,0
DA:68,0
DA:69,0
DA:77,5
LF:31
LH:9
BRDA:10,0,0,0
BRDA:10,0,1,2
BRDA:18,1,0,1
BRDA:18,1,1,1
BRDA:33,2,0,0
BRDA:33,2,1,0
BRDA:41,3,0,0
BRDA:41,3,1,0
BRDA:56,4,0,0
BRDA:56,4,1,0
BRDA:64,5,0,0
BRDA:64,5,1,0
BRF:12
BRH:3
end_of_record
TN:
SF:public\javascripts\DAOPublicacion.js
FN:5,(anonymous_0)
FN:9,(anonymous_1)
FN:10,(anonymous_2)
FN:16,(anonymous_3)
FN:30,(anonymous_4)
FN:31,(anonymous_5)
FN:37,(anonymous_6)
FN:59,(anonymous_7)
FN:60,(anonymous_8)
FN:70,(anonymous_9)
FN:77,(anonymous_10)
FN:77,(anonymous_11)
FN:80,(anonymous_12)
FN:81,(anonymous_13)
FN:82,(anonymous_14)
FN:83,(anonymous_15)
FN:86,(anonymous_16)
FNF:17
FNH:7
FNDA:4,(anonymous_0)
FNDA:4,(anonymous_1)
FNDA:3,(anonymous_2)
FNDA:3,(anonymous_3)
FNDA:1,(anonymous_4)
FNDA:1,(anonymous_5)
FNDA:1,(anonymous_6)
FNDA:0,(anonymous_7)
FNDA:0,(anonymous_8)
FNDA:0,(anonymous_9)
FNDA:0,(anonymous_10)
FNDA:0,(anonymous_11)
FNDA:0,(anonymous_12)
FNDA:0,(anonymous_13)
FNDA:0,(anonymous_14)
FNDA:0,(anonymous_15)
FNDA:0,(anonymous_16)
DA:2,3
DA:3,3
DA:6,4
DA:10,4
DA:11,3
DA:12,0
DA:15,3
DA:17,3
DA:18,3
DA:19,3
DA:22,0
DA:31,1
DA:32,1
DA:33,0
DA:36,1
DA:38,1
DA:39,1
DA:40,0
DA:45,1
DA:46,1
DA:47,1
DA:50,0
DA:60,0
DA:61,0
DA:62,0
DA:63,0
DA:66,0
DA:71,0
DA:72,0
DA:73,0
DA:76,0
DA:77,0
DA:78,0
DA:80,0
DA:81,0
DA:82,0
DA:84,0
DA:85,0
DA:86,0
DA:89,0
DA:130,3
LF:41
LH:18
BRDA:11,0,0,0
BRDA:11,0,1,3
BRDA:18,1,0,3
BRDA:18,1,1,0
BRDA:32,2,0,0
BRDA:32,2,1,1
BRDA:39,3,0,0
BRDA:39,3,1,1
BRDA:45,4,0,1
BRDA:45,4,1,0
BRDA:61,5,0,0
BRDA:61,5,1,0
BRDA:72,6,0,0
BRDA:72,6,1,0
BRDA:84,7,0,0
BRDA:84,7,1,0
BRF:16
BRH:5
end_of_record
TN:
SF:public\javascripts\DAOPublicacionEtiqueta.js
FN:5,(anonymous_0)
FN:9,(anonymous_1)
FN:10,(anonymous_2)
FN:16,(anonymous_3)
FN:31,(anonymous_4)
FN:32,(anonymous_5)
FN:39,(anonymous_6)
FN:46,(anonymous_7)
FNF:8
FNH:8
FNDA:2,(anonymous_0)
FNDA:2,(anonymous_1)
FNDA:2,(anonymous_2)
FNDA:2,(anonymous_3)
FNDA:1,(anonymous_4)
FNDA:1,(anonymous_5)
FNDA:1,(anonymous_6)
FNDA:2,(anonymous_7)
DA:6,2
DA:10,2
DA:11,2
DA:12,0
DA:15,2
DA:17,2
DA:18,2
DA:19,1
DA:23,1
DA:32,1
DA:33,1
DA:34,0
DA:35,0
DA:38,1
DA:40,1
DA:41,1
DA:42,0
DA:45,1
DA:47,2
DA:49,1
DA:57,4
LF:21
LH:17
BRDA:11,0,0,0
BRDA:11,0,1,2
BRDA:18,1,0,1
BRDA:18,1,1,1
BRDA:33,2,0,0
BRDA:33,2,1,1
BRDA:41,3,0,0
BRDA:41,3,1,1
BRF:8
BRH:5
end_of_record
TN:
SF:public\javascripts\DAORespuesta.js
FN:5,(anonymous_0)
FN:9,(anonymous_1)
FN:10,(anonymous_2)
FN:16,(anonymous_3)
FN:30,(anonymous_4)
FN:31,(anonymous_5)
FN:38,(anonymous_6)
FN:45,(anonymous_7)
FN:45,(anonymous_8)
FN:48,(anonymous_9)
FN:49,(anonymous_10)
FNF:11
FNH:4
FNDA:2,(anonymous_0)
FNDA:3,(anonymous_1)
FNDA:2,(anonymous_2)
FNDA:2,(anonymous_3)
FNDA:0,(anonymous_4)
FNDA:0,(anonymous_5)
FNDA:0,(anonymous_6)
FNDA:0,(anonymous_7)
FNDA:0,(anonymous_8)
FNDA:0,(anonymous_9)
FNDA:0,(anonymous_10)
DA:6,2
DA:10,3
DA:11,2
DA:12,0
DA:15,2
DA:17,2
DA:18,2
DA:19,2
DA:23,0
DA:31,0
DA:32,0
DA:33,0
DA:34,0
DA:37,0
DA:39,0
DA:40,0
DA:41,0
DA:44,0
DA:45,0
DA:46,0
DA:48,0
DA:49,0
DA:52,0
DA:60,2
LF:24
LH:8
BRDA:11,0,0,0
BRDA:11,0,1,2
BRDA:18,1,0,2
BRDA:18,1,1,0
BRDA:32,2,0,0
BRDA:32,2,1,0
BRDA:40,3,0,0
BRDA:40,3,1,0
BRF:8
BRH:2
end_of_record
TN:
SF:public\javascripts\DAOSeccion.js
FN:3,(anonymous_0)
FN:8,(anonymous_1)
FN:9,(anonymous_2)
FN:16,(anonymous_3)
FN:38,(anonymous_4)
FN:39,(anonymous_5)
FN:45,(anonymous_6)
FN:52,(anonymous_7)
FNF:8
FNH:8
FNDA:6,(anonymous_0)
FNDA:7,(anonymous_1)
FNDA:5,(anonymous_2)
FNDA:5,(anonymous_3)
FNDA:1,(anonymous_4)
FNDA:1,(anonymous_5)
FNDA:1,(anonymous_6)
FNDA:6,(anonymous_7)
DA:4,6
DA:9,7
DA:10,5
DA:11,0
DA:12,0
DA:15,5
DA:17,5
DA:18,5
DA:19,0
DA:24,5
DA:25,2
DA:30,5
DA:39,1
DA:40,1
DA:41,0
DA:44,1
DA:46,1
DA:47,1
DA:48,0
DA:51,1
DA:53,6
DA:58,1
DA:67,2
LF:23
LH:18
BRDA:10,0,0,0
BRDA:10,0,1,5
BRDA:18,1,0,0
BRDA:18,1,1,5
BRDA:24,2,0,2
BRDA:24,2,1,3
BRDA:40,3,0,0
BRDA:40,3,1,1
BRDA:47,4,0,0
BRDA:47,4,1,1
BRF:10
BRH:6
end_of_record
TN:
SF:public\javascripts\DAOUsuario.js
FN:4,(anonymous_0)
FN:8,(anonymous_1)
FN:9,(anonymous_2)
FN:15,(anonymous_3)
FN:32,(anonymous_4)
FN:33,(anonymous_5)
FN:40,(anonymous_6)
FN:64,(anonymous_7)
FN:65,(anonymous_8)
FN:71,(anonymous_9)
FNF:10
FNH:10
FNDA:5,(anonymous_0)
FNDA:3,(anonymous_1)
FNDA:3,(anonymous_2)
FNDA:3,(anonymous_3)
FNDA:3,(anonymous_4)
FNDA:3,(anonymous_5)
FNDA:3,(anonymous_6)
FNDA:5,(anonymous_7)
FNDA:3,(anonymous_8)
FNDA:3,(anonymous_9)
DA:5,5
DA:9,3
DA:10,3
DA:11,0
DA:14,3
DA:16,3
DA:17,3
DA:18,1
DA:21,2
DA:33,3
DA:34,3
DA:35,0
DA:36,0
DA:39,3
DA:41,3
DA:42,3
DA:43,0
DA:48,3
DA:49,1
DA:56,3
DA:65,5
DA:66,3
DA:67,0
DA:70,3
DA:72,3
DA:73,3
DA:74,0
DA:79,3
DA:80,1
DA:87,3
DA:95,2
LF:31
LH:25
BRDA:10,0,0,0
BRDA:10,0,1,3
BRDA:17,1,0,1
BRDA:17,1,1,2
BRDA:34,2,0,0
BRDA:34,2,1,3
BRDA:42,3,0,0
BRDA:42,3,1,3
BRDA:48,4,0,1
BRDA:48,4,1,2
BRDA:66,5,0,0
BRDA:66,5,1,3
BRDA:73,6,0,0
BRDA:73,6,1,3
BRDA:79,7,0,1
BRDA:79,7,1,2
BRF:16
BRH:11
end_of_record
TN:
SF:public\javascripts\SAPublicacion.js
FN:9,(anonymous_0)
FN:13,(anonymous_1)
FN:34,(anonymous_2)
FN:44,(anonymous_3)
FN:51,(anonymous_4)
FN:66,(anonymous_5)
FN:77,(anonymous_6)
FN:82,(anonymous_7)
FN:96,(anonymous_8)
FN:103,(anonymous_9)
FN:119,insertar
FN:120,(anonymous_11)
FN:121,(anonymous_12)
FN:127,(anonymous_13)
FN:139,(anonymous_14)
FN:144,(anonymous_15)
FN:159,(anonymous_16)
FNF:17
FNH:8
FNDA:1,(anonymous_0)
FNDA:14,(anonymous_1)
FNDA:3,(anonymous_2)
FNDA:1,(anonymous_3)
FNDA:1,(anonymous_4)
FNDA:1,(anonymous_5)
FNDA:1,(anonymous_6)
FNDA:1,(anonymous_7)
FNDA:0,(anonymous_8)
FNDA:0,(anonymous_9)
FNDA:0,insertar
FNDA:0,(anonymous_11)
FNDA:0,(anonymous_12)
FNDA:0,(anonymous_13)
FNDA:0,(anonymous_14)
FNDA:0,(anonymous_15)
FNDA:0,(anonymous_16)
DA:2,1
DA:3,1
DA:4,1
DA:5,1
DA:10,1
DA:15,14
DA:17,8
DA:19,6
DA:20,1
DA:22,5
DA:23,0
DA:25,5
DA:26,0
DA:28,5
DA:29,1
DA:32,4
DA:33,4
DA:34,4
DA:35,3
DA:36,0
DA:39,3
DA:40,2
DA:43,1
DA:44,1
DA:45,1
DA:46,1
DA:48,1
DA:49,1
DA:50,1
DA:51,1
DA:52,1
DA:53,1
DA:54,1
DA:57,0
DA:68,1
DA:69,0
DA:71,1
DA:72,0
DA:75,1
DA:76,1
DA:77,1
DA:78,1
DA:79,0
DA:82,1
DA:83,1
DA:84,0
DA:87,1
DA:88,1
DA:97,0
DA:98,0
DA:101,0
DA:102,0
DA:103,0
DA:104,0
DA:105,0
DA:108,0
DA:109,0
DA:117,1
DA:120,0
DA:121,0
DA:122,0
DA:123,0
DA:124,0
DA:126,0
DA:127,0
DA:128,0
DA:129,0
DA:130,0
DA:131,0
DA:134,0
DA:139,0
DA:140,0
DA:141,0
DA:142,0
DA:144,0
DA:145,0
DA:146,0
DA:147,0
DA:150,0
DA:159,0
DA:160,0
DA:161,0
DA:164,0
LF:83
LH:41
BRDA:15,0,0,8
BRDA:15,0,1,6
BRDA:15,1,0,14
BRDA:15,1,1,12
BRDA:15,1,2,11
BRDA:15,1,3,11
BRDA:15,1,4,11
BRDA:15,1,5,10
BRDA:15,1,6,9
BRDA:15,1,7,8
BRDA:15,1,8,7
BRDA:15,1,9,6
BRDA:19,2,0,1
BRDA:19,2,1,5
BRDA:22,3,0,0
BRDA:22,3,1,5
BRDA:25,4,0,0
BRDA:25,4,1,5
BRDA:25,5,0,5
BRDA:25,5,1,0
BRDA:28,6,0,1
BRDA:28,6,1,4
BRDA:28,7,0,5
BRDA:28,7,1,4
BRDA:35,8,0,0
BRDA:35,8,1,3
BRDA:39,9,0,2
BRDA:39,9,1,1
BRDA:45,10,0,1
BRDA:45,10,1,0
BRDA:52,11,0,1
BRDA:52,11,1,0
BRDA:68,12,0,0
BRDA:68,12,1,1
BRDA:71,13,0,0
BRDA:71,13,1,1
BRDA:78,14,0,0
BRDA:78,14,1,1
BRDA:83,15,0,0
BRDA:83,15,1,1
BRDA:97,16,0,0
BRDA:97,16,1,0
BRDA:97,17,0,0
BRDA:97,17,1,0
BRDA:97,17,2,0
BRDA:104,18,0,0
BRDA:104,18,1,0
BRDA:122,19,0,0
BRDA:122,19,1,0
BRDA:126,20,0,0
BRDA:126,20,1,0
BRDA:129,21,0,0
BRDA:129,21,1,0
BRDA:140,22,0,0
BRDA:140,22,1,0
BRDA:145,23,0,0
BRDA:145,23,1,0
BRDA:160,24,0,0
BRDA:160,24,1,0
BRF:59
BRH:30
end_of_record
TN:
SF:public\javascripts\SARespuesta.js
FN:9,(anonymous_0)
FN:13,(anonymous_1)
FN:24,(anonymous_2)
FN:30,(anonymous_3)
FN:45,(anonymous_4)
FN:56,(anonymous_5)
FN:62,(anonymous_6)
FN:76,(anonymous_7)
FN:83,(anonymous_8)
FN:97,insertar
FN:98,(anonymous_10)
FN:99,(anonymous_11)
FN:105,(anonymous_12)
FN:117,(anonymous_13)
FN:122,(anonymous_14)
FN:137,(anonymous_15)
FNF:16
FNH:2
FNDA:1,(anonymous_0)
FNDA:4,(anonymous_1)
FNDA:0,(anonymous_2)
FNDA:0,(anonymous_3)
FNDA:0,(anonymous_4)
FNDA:0,(anonymous_5)
FNDA:0,(anonymous_6)
FNDA:0,(anonymous_7)
FNDA:0,(anonymous_8)
FNDA:0,insertar
FNDA:0,(anonymous_10)
FNDA:0,(anonymous_11)
FNDA:0,(anonymous_12)
FNDA:0,(anonymous_13)
FNDA:0,(anonymous_14)
FNDA:0,(anonymous_15)
DA:2,1
DA:3,1
DA:4,1
DA:5,1
DA:10,1
DA:15,4
DA:16,4
DA:18,0
DA:19,0
DA:22,0
DA:23,0
DA:24,0
DA:25,0
DA:26,0
DA:29,0
DA:30,0
DA:31,0
DA:32,0
DA:33,0
DA:36,0
DA:47,0
DA:48,0
DA:50,0
DA:51,0
DA:54,0
DA:55,0
DA:56,0
DA:57,0
DA:58,0
DA:59,0
DA:62,0
DA:63,0
DA:64,0
DA:67,0
DA:68,0
DA:77,0
DA:78,0
DA:81,0
DA:82,0
DA:83,0
DA:84,0
DA:85,0
DA:88,0
DA:89,0
DA:95,1
DA:98,0
DA:99,0
DA:100,0
DA:101,0
DA:102,0
DA:104,0
DA:105,0
DA:106,0
DA:107,0
DA:108,0
DA:109,0
DA:112,0
DA:117,0
DA:118,0
DA:119,0
DA:120,0
DA:122,0
DA:123,0
DA:124,0
DA:125,0
DA:128,0
DA:137,0
DA:138,0
DA:139,0
DA:142,0
LF:70
LH:8
BRDA:15,0,0,4
BRDA:15,0,1,0
BRDA:15,1,0,4
BRDA:15,1,1,2
BRDA:15,1,2,1
BRDA:15,1,3,0
BRDA:15,1,4,0
BRDA:18,2,0,0
BRDA:18,2,1,0
BRDA:25,3,0,0
BRDA:25,3,1,0
BRDA:31,4,0,0
BRDA:31,4,1,0
BRDA:47,5,0,0
BRDA:47,5,1,0
BRDA:50,6,0,0
BRDA:50,6,1,0
BRDA:57,7,0,0
BRDA:57,7,1,0
BRDA:63,8,0,0
BRDA:63,8,1,0
BRDA:77,9,0,0
BRDA:77,9,1,0
BRDA:77,10,0,0
BRDA:77,10,1,0
BRDA:77,10,2,0
BRDA:84,11,0,0
BRDA:84,11,1,0
BRDA:100,12,0,0
BRDA:100,12,1,0
BRDA:104,13,0,0
BRDA:104,13,1,0
BRDA:107,14,0,0
BRDA:107,14,1,0
BRDA:118,15,0,0
BRDA:118,15,1,0
BRDA:123,16,0,0
BRDA:123,16,1,0
BRDA:138,17,0,0
BRDA:138,17,1,0
BRF:40
BRH:4
end_of_record
TN:
SF:public\javascripts\SAUsuario.js
FN:5,(anonymous_0)
FN:10,(anonymous_1)
FN:37,(anonymous_2)
FN:46,(anonymous_3)
FN:55,(anonymous_4)
FN:72,(anonymous_5)
FN:82,(anonymous_6)
FN:97,(anonymous_7)
FNF:8
FNH:8
FNDA:1,(anonymous_0)
FNDA:17,(anonymous_1)
FNDA:1,(anonymous_2)
FNDA:1,(anonymous_3)
FNDA:1,(anonymous_4)
FNDA:3,(anonymous_5)
FNDA:1,(anonymous_6)
FNDA:1,(anonymous_7)
DA:2,1
DA:6,1
DA:11,17
DA:15,6
DA:17,11
DA:18,1
DA:20,10
DA:21,1
DA:23,9
DA:24,3
DA:26,6
DA:27,1
DA:29,5
DA:30,1
DA:32,4
DA:33,1
DA:36,3
DA:37,3
DA:38,1
DA:39,0
DA:42,1
DA:43,0
DA:46,1
DA:47,1
DA:48,0
DA:51,1
DA:52,0
DA:55,1
DA:56,1
DA:57,0
DA:60,1
DA:73,3
DA:75,2
DA:77,1
DA:78,0
DA:81,1
DA:82,1
DA:83,1
DA:84,0
DA:87,1
DA:88,0
DA:89,0
DA:90,0
DA:93,0
DA:97,1
DA:98,1
DA:99,0
DA:102,1
DA:103,0
DA:104,0
DA:107,0
DA:111,1
DA:121,1
LF:53
LH:38
BRDA:11,0,0,6
BRDA:11,0,1,11
BRDA:11,1,0,17
BRDA:11,1,1,16
BRDA:11,1,2,15
BRDA:11,1,3,15
BRDA:11,1,4,15
BRDA:11,1,5,15
BRDA:11,1,6,15
BRDA:11,1,7,14
BRDA:11,1,8,13
BRDA:11,1,9,12
BRDA:11,1,10,11
BRDA:11,1,11,11
BRDA:11,1,12,11
BRDA:11,1,13,11
BRDA:17,2,0,1
BRDA:17,2,1,10
BRDA:20,3,0,1
BRDA:20,3,1,9
BRDA:23,4,0,3
BRDA:23,4,1,6
BRDA:26,5,0,1
BRDA:26,5,1,5
BRDA:29,6,0,1
BRDA:29,6,1,4
BRDA:32,7,0,1
BRDA:32,7,1,3
BRDA:38,8,0,0
BRDA:38,8,1,1
BRDA:42,9,0,0
BRDA:42,9,1,1
BRDA:47,10,0,0
BRDA:47,10,1,1
BRDA:51,11,0,0
BRDA:51,11,1,1
BRDA:56,12,0,0
BRDA:56,12,1,1
BRDA:73,13,0,2
BRDA:73,13,1,1
BRDA:73,14,0,3
BRDA:73,14,1,3
BRDA:73,14,2,3
BRDA:73,14,3,2
BRDA:73,14,4,2
BRDA:73,14,5,2
BRDA:77,15,0,0
BRDA:77,15,1,1
BRDA:77,16,0,1
BRDA:77,16,1,1
BRDA:83,17,0,0
BRDA:83,17,1,1
BRDA:87,18,0,0
BRDA:87,18,1,1
BRDA:89,19,0,0
BRDA:89,19,1,0
BRDA:98,20,0,0
BRDA:98,20,1,1
BRDA:102,21,0,0
BRDA:102,21,1,1
BRDA:103,22,0,0
BRDA:103,22,1,0
BRF:62
BRH:48
end_of_record
